{"action":"log_record","data":{"source":"FlowProfilingArduino","log":"[shot] GO (started)"}}
{"action":"sensor_data_update","data":{"brewActive":true,"steamActive":false,"scalesPresent":true,"temperature":0,"waterLvl":0,"pressure":4.332892,"pumpFlow":0,"weightFlow":6.459986e-43,"weight":0}}
{"action":"shot_data_update","data":{"timeInShot":41,"pressure":4.332892,"pumpFlow":0,"weightFlow":6.459986e-43,"temperature":0,"shotWeight":0,"waterPumped":0,"targetTemperature":-1,"targetPumpFlow":8,"targetPressure":4.4}}
{"action":"sensor_data_update","data":{"brewActive":true,"steamActive":false,"scalesPresent":true,"temperature":0,"waterLvl":0,"pressure":4.327803,"pumpFlow":0,"weightFlow":4.876519e-43,"weight":0}}
{"action":"shot_data_update","data":{"timeInShot":141,"pressure":4.327803,"pumpFlow":0,"weightFlow":4.876519e-43,"temperature":0,"shotWeight":0,"waterPumped":0,"targetTemperature":-1,"targetPumpFlow":8,"targetPressure":4.4}}
{"action":"sensor_data_update","data":{"brewActive":true,"steamActive":false,"scalesPresent":true,"temperature":0,"waterLvl":0,"pressure":4.342346,"pumpFlow":0,"weightFlow":3.657389e-43,"weight":0}}
{"action":"shot_data_update","data":{"timeInShot":241,"pressure":4.342346,"pumpFlow":0,"weightFlow":3.657389e-43,"temperature":0,"shotWeight":0,"waterPumped":0,"targetTemperature":-1,"targetPumpFlow":8,"targetPressure":4.5}}
{"action":"sensor_data_update","data":{"brewActive":true,"steamActive":false,"scalesPresent":true,"temperature":0,"waterLvl":0,"pressure":4.318349,"pumpFlow":0,"weightFlow":2.760558e-43,"weight":0}}
{"action":"shot_data_update","data":{"timeInShot":341,"pressure":4.318349,"pumpFlow":0,"weightFlow":2.760558e-43,"temperature":0,"shotWeight":0,"waterPumped":0,"targetTemperature":-1,"targetPumpFlow":8,"targetPressure":4.5}}
{"action":"sensor_data_update","data":{"brewActive":true,"steamActive":false,"scalesPresent":true,"temperature":0,"waterLvl":0,"pressure":4.342346,"pumpFlow":0,"weightFlow":2.073922e-43,"weight":0}}
{"action":"shot_data_update","data":{"timeInShot":441,"pressure":4.342346,"pumpFlow":0,"weightFlow":2.073922e-43,"temperature":0,"shotWeight":0,"waterPumped":0,"targetTemperature":-1,"targetPumpFlow":8,"targetPressure":4.6}}
{"action":"sensor_data_update","data":{"brewActive":true,"steamActive":false,"scalesPresent":true,"temperature":0,"waterLvl":0,"pressure":4.327075,"pumpFlow":0,"weightFlow":1.59748e-43,"weight":0}}
{"action":"shot_data_update","data":{"timeInShot":541,"pressure":4.327075,"pumpFlow":0,"weightFlow":1.59748e-43,"temperature":0,"shotWeight":0,"waterPumped":0,"targetTemperature":-1,"targetPumpFlow":8,"targetPressure":4.6}}
{"action":"sensor_data_update","data":{"brewActive":true,"steamActive":false,"scalesPresent":true,"temperature":0,"waterLvl":0,"pressure":4.306712,"pumpFlow":0,"weightFlow":1.177091e-43,"weight":0}}
{"action":"shot_data_update","data":{"timeInShot":641,"pressure":4.306712,"pumpFlow":0,"weightFlow":1.177091e-43,"temperature":0,"shotWeight":0,"waterPumped":0,"targetTemperature":-1,"targetPumpFlow":8,"targetPressure":4.7}}
{"action":"sensor_data_update","data":{"brewActive":true,"steamActive":false,"scalesPresent":true,"temperature":0,"waterLvl":0,"pressure":4.334346,"pumpFlow":0,"weightFlow":9.24857e-44,"weight":0}}
{"action":"shot_data_update","data":{"timeInShot":741,"pressure":4.334346,"pumpFlow":0,"weightFlow":9.24857e-44,"temperature":0,"shotWeight":0,"waterPumped":0,"targetTemperature":-1,"targetPumpFlow":8,"targetPressure":4.7}}
{"action":"sensor_data_update","data":{"brewActive":true,"steamActive":false,"scalesPresent":true,"temperature":0,"waterLvl":0,"pressure":4.318349,"pumpFlow":0,"weightFlow":7.006492e-44,"weight":0}}
{"action":"shot_data_update","data":{"timeInShot":841,"pressure":4.318349,"pumpFlow":0,"weightFlow":7.006492e-44,"temperature":0,"shotWeight":0,"waterPumped":0,"targetTemperature":-1,"targetPumpFlow":8,"targetPressure":4.8}}
{"action":"sensor_data_update","data":{"brewActive":true,"steamActive":false,"scalesPresent":true,"temperature":0,"waterLvl":0,"pressure":4.307076,"pumpFlow":0,"weightFlow":5.044674e-44,"weight":0}}
{"action":"shot_data_update","data":{"timeInShot":941,"pressure":4.307076,"pumpFlow":0,"weightFlow":5.044674e-44,"temperature":0,"shotWeight":0,"waterPumped":0,"targetTemperature":-1,"targetPumpFlow":8,"targetPressure":4.8}}
{"action":"sensor_data_update","data":{"brewActive":true,"steamActive":false,"scalesPresent":true,"temperature":0,"waterLvl":0,"pressure":4.312531,"pumpFlow":0,"weightFlow":3.923636e-44,"weight":0}}
{"action":"shot_data_update","data":{"timeInShot":1041,"pressure":4.312531,"pumpFlow":0,"weightFlow":3.923636e-44,"temperature":0,"shotWeight":0,"waterPumped":0,"targetTemperature":-1,"targetPumpFlow":8,"targetPressure":4.9}}
{"action":"sensor_data_update","data":{"brewActive":true,"steamActive":false,"scalesPresent":true,"temperature":0,"waterLvl":0,"pressure":4.324165,"pumpFlow":0,"weightFlow":2.942727e-44,"weight":0}}
{"action":"shot_data_update","data":{"timeInShot":1141,"pressure":4.324165,"pumpFlow":0,"weightFlow":2.942727e-44,"temperature":0,"shotWeight":0,"waterPumped":0,"targetTemperature":-1,"targetPumpFlow":8,"targetPressure":4.9}}
{"action":"sensor_data_update","data":{"brewActive":true,"steamActive":false,"scalesPresent":true,"temperature":0,"waterLvl":0,"pressure":4.317621,"pumpFlow":0,"weightFlow":2.522337e-44,"weight":0}}
{"action":"shot_data_update","data":{"timeInShot":1241,"pressure":4.317621,"pumpFlow":0,"weightFlow":2.522337e-44,"temperature":0,"shotWeight":0,"waterPumped":0,"targetTemperature":-1,"targetPumpFlow":8,"targetPressure":5}}
{"action":"sensor_data_update","data":{"brewActive":true,"steamActive":false,"scalesPresent":true,"temperature":0,"waterLvl":0,"pressure":4.312531,"pumpFlow":0,"weightFlow":1.821688e-44,"weight":0}}
{"action":"shot_data_update","data":{"timeInShot":1341,"pressure":4.312531,"pumpFlow":0,"weightFlow":1.821688e-44,"temperature":0,"shotWeight":0,"waterPumped":0,"targetTemperature":-1,"targetPumpFlow":8,"targetPressure":5.1}}
{"action":"sensor_data_update","data":{"brewActive":true,"steamActive":false,"scalesPresent":true,"temperature":0,"waterLvl":0,"pressure":4.297984,"pumpFlow":0,"weightFlow":1.541428e-44,"weight":0}}
{"action":"shot_data_update","data":{"timeInShot":1441,"pressure":4.297984,"pumpFlow":0,"weightFlow":1.541428e-44,"temperature":0,"shotWeight":0,"waterPumped":0,"targetTemperature":-1,"targetPumpFlow":8,"targetPressure":5.1}}
{"action":"sensor_data_update","data":{"brewActive":true,"steamActive":false,"scalesPresent":true,"temperature":0,"waterLvl":0,"pressure":4.319075,"pumpFlow":0,"weightFlow":1.401298e-44,"weight":0}}
{"action":"shot_data_update","data":{"timeInShot":1541,"pressure":4.319075,"pumpFlow":0,"weightFlow":1.401298e-44,"temperature":0,"shotWeight":0,"waterPumped":0,"targetTemperature":-1,"targetPumpFlow":8,"targetPressure":5.2}}
{"action":"sensor_data_update","data":{"brewActive":true,"steamActive":false,"scalesPresent":true,"temperature":0,"waterLvl":0,"pressure":4.30744,"pumpFlow":0,"weightFlow":7.006492e-45,"weight":0}}
{"action":"shot_data_update","data":{"timeInShot":1641,"pressure":4.30744,"pumpFlow":0,"weightFlow":7.006492e-45,"temperature":0,"shotWeight":0,"waterPumped":0,"targetTemperature":-1,"targetPumpFlow":8,"targetPressure":5.2}}
{"action":"sensor_data_update","data":{"brewActive":true,"steamActive":false,"scalesPresent":true,"temperature":0,"waterLvl":0,"pressure":4.315439,"pumpFlow":0,"weightFlow":7.006492e-45,"weight":0}}
{"action":"shot_data_update","data":{"timeInShot":1741,"pressure":4.315439,"pumpFlow":0,"weightFlow":7.006492e-45,"temperature":0,"shotWeight":0,"waterPumped":0,"targetTemperature":-1,"targetPumpFlow":8,"targetPressure":5.3}}
{"action":"sensor_data_update","data":{"brewActive":true,"steamActive":false,"scalesPresent":true,"temperature":0,"waterLvl":0,"pressure":4.321256,"pumpFlow":0,"weightFlow":7.006492e-45,"weight":0}}
{"action":"shot_data_update","data":{"timeInShot":1841,"pressure":4.321256,"pumpFlow":0,"weightFlow":7.006492e-45,"temperature":0,"shotWeight":0,"waterPumped":0,"targetTemperature":-1,"targetPumpFlow":8,"targetPressure":5.3}}
{"action":"sensor_data_update","data":{"brewActive":true,"steamActive":false,"scalesPresent":true,"temperature":0,"waterLvl":0,"pressure":4.312531,"pumpFlow":0,"weightFlow":5.605194e-45,"weight":0}}
{"action":"shot_data_update","data":{"timeInShot":1941,"pressure":4.312531,"pumpFlow":0,"weightFlow":5.605194e-45,"temperature":0,"shotWeight":0,"waterPumped":0,"targetTemperature":-1,"targetPumpFlow":8,"targetPressure":5.4}}
{"action":"sensor_data_update","data":{"brewActive":true,"steamActive":false,"scalesPresent":true,"temperature":0,"waterLvl":0,"pressure":4.312531,"pumpFlow":0,"weightFlow":5.605194e-45,"weight":0}}
{"action":"shot_data_update","data":{"timeInShot":2041,"pressure":4.312531,"pumpFlow":0,"weightFlow":5.605194e-45,"temperature":0,"shotWeight":0,"waterPumped":0,"targetTemperature":-1,"targetPumpFlow":8,"targetPressure":5.4}}
{"action":"sensor_data_update","data":{"brewActive":true,"steamActive":false,"scalesPresent":true,"temperature":0,"waterLvl":0,"pressure":4.302349,"pumpFlow":0,"weightFlow":5.605194e-45,"weight":0}}
{"action":"shot_data_update","data":{"timeInShot":2141,"pressure":4.302349,"pumpFlow":0,"weightFlow":5.605194e-45,"temperature":0,"shotWeight":0,"waterPumped":0,"targetTemperature":-1,"targetPumpFlow":8,"targetPressure":5.5}}
{"action":"sensor_data_update","data":{"brewActive":true,"steamActive":false,"scalesPresent":true,"temperature":0,"waterLvl":0,"pressure":4.31253,"pumpFlow":0,"weightFlow":5.605194e-45,"weight":0}}
{"action":"shot_data_update","data":{"timeInShot":2241,"pressure":4.31253,"pumpFlow":0,"weightFlow":5.605194e-45,"temperature":0,"shotWeight":0,"waterPumped":0,"targetTemperature":-1,"targetPumpFlow":8,"targetPressure":5.5}}
{"action":"sensor_data_update","data":{"brewActive":true,"steamActive":false,"scalesPresent":true,"temperature":0,"waterLvl":0,"pressure":4.31253,"pumpFlow":0,"weightFlow":5.605194e-45,"weight":0}}
{"action":"shot_data_update","data":{"timeInShot":2341,"pressure":4.31253,"pumpFlow":0,"weightFlow":5.605194e-45,"temperature":0,"shotWeight":0,"waterPumped":0,"targetTemperature":-1,"targetPumpFlow":8,"targetPressure":5.6}}
{"action":"sensor_data_update","data":{"brewActive":true,"steamActive":false,"scalesPresent":true,"temperature":0,"waterLvl":0,"pressure":4.315802,"pumpFlow":0,"weightFlow":5.605194e-45,"weight":0}}
{"action":"shot_data_update","data":{"timeInShot":2441,"pressure":4.315802,"pumpFlow":0,"weightFlow":5.605194e-45,"temperature":0,"shotWeight":0,"waterPumped":0,"targetTemperature":-1,"targetPumpFlow":8,"targetPressure":5.6}}
{"action":"sensor_data_update","data":{"brewActive":true,"steamActive":false,"scalesPresent":true,"temperature":0,"waterLvl":0,"pressure":4.312529,"pumpFlow":0,"weightFlow":5.605194e-45,"weight":0}}
{"action":"shot_data_update","data":{"timeInShot":2541,"pressure":4.312529,"pumpFlow":0,"weightFlow":5.605194e-45,"temperature":0,"shotWeight":0,"waterPumped":0,"targetTemperature":-1,"targetPumpFlow":8,"targetPressure":5.7}}
{"action":"sensor_data_update","data":{"brewActive":true,"steamActive":false,"scalesPresent":true,"temperature":0,"waterLvl":0,"pressure":4.319075,"pumpFlow":0,"weightFlow":5.605194e-45,"weight":0}}
{"action":"shot_data_update","data":{"timeInShot":2641,"pressure":4.319075,"pumpFlow":0,"weightFlow":5.605194e-45,"temperature":0,"shotWeight":0,"waterPumped":0,"targetTemperature":-1,"targetPumpFlow":8,"targetPressure":5.7}}
{"action":"sensor_data_update","data":{"brewActive":true,"steamActive":false,"scalesPresent":true,"temperature":0,"waterLvl":0,"pressure":4.312531,"pumpFlow":0,"weightFlow":5.605194e-45,"weight":0}}
{"action":"shot_data_update","data":{"timeInShot":2741,"pressure":4.312531,"pumpFlow":0,"weightFlow":5.605194e-45,"temperature":0,"shotWeight":0,"waterPumped":0,"targetTemperature":-1,"targetPumpFlow":8,"targetPressure":5.8}}
{"action":"sensor_data_update","data":{"brewActive":true,"steamActive":false,"scalesPresent":true,"temperature":0,"waterLvl":0,"pressure":4.30744,"pumpFlow":0,"weightFlow":5.605194e-45,"weight":0}}
{"action":"shot_data_update","data":{"timeInShot":2841,"pressure":4.30744,"pumpFlow":0,"weightFlow":5.605194e-45,"temperature":0,"shotWeight":0,"waterPumped":0,"targetTemperature":-1,"targetPumpFlow":8,"targetPressure":5.9}}
{"action":"sensor_data_update","data":{"brewActive":true,"steamActive":false,"scalesPresent":true,"temperature":0,"waterLvl":0,"pressure":4.302348,"pumpFlow":0,"weightFlow":5.605194e-45,"weight":0}}
{"action":"shot_data_update","data":{"timeInShot":2941,"pressure":4.302348,"pumpFlow":0,"weightFlow":5.605194e-45,"temperature":0,"shotWeight":0,"waterPumped":0,"targetTemperature":-1,"targetPumpFlow":8,"targetPressure":5.9}}
{"action":"sensor_data_update","data":{"brewActive":true,"steamActive":false,"scalesPresent":true,"temperature":0,"waterLvl":0,"pressure":4.302348,"pumpFlow":0,"weightFlow":5.605194e-45,"weight":0}}
{"action":"shot_data_update","data":{"timeInShot":3041,"pressure":4.302348,"pumpFlow":0,"weightFlow":5.605194e-45,"temperature":0,"shotWeight":0,"waterPumped":0,"targetTemperature":-1,"targetPumpFlow":8,"targetPressure":6}}
{"action":"sensor_data_update","data":{"brewActive":true,"steamActive":false,"scalesPresent":true,"temperature":0,"waterLvl":0,"pressure":4.299439,"pumpFlow":0,"weightFlow":5.605194e-45,"weight":0}}
{"action":"shot_data_update","data":{"timeInShot":3141,"pressure":4.299439,"pumpFlow":0,"weightFlow":5.605194e-45,"temperature":0,"shotWeight":0,"waterPumped":0,"targetTemperature":-1,"targetPumpFlow":8,"targetPressure":6}}
{"action":"sensor_data_update","data":{"brewActive":true,"steamActive":false,"scalesPresent":true,"temperature":0,"waterLvl":0,"pressure":4.281985,"pumpFlow":0,"weightFlow":5.605194e-45,"weight":0}}
{"action":"shot_data_update","data":{"timeInShot":3241,"pressure":4.281985,"pumpFlow":0,"weightFlow":5.605194e-45,"temperature":0,"shotWeight":0,"waterPumped":0,"targetTemperature":-1,"targetPumpFlow":8,"targetPressure":6.1}}
{"action":"sensor_data_update","data":{"brewActive":true,"steamActive":false,"scalesPresent":true,"temperature":0,"waterLvl":0,"pressure":4.294712,"pumpFlow":0,"weightFlow":5.605194e-45,"weight":0}}
{"action":"shot_data_update","data":{"timeInShot":3341,"pressure":4.294712,"pumpFlow":0,"weightFlow":5.605194e-45,"temperature":0,"shotWeight":0,"waterPumped":0,"targetTemperature":-1,"targetPumpFlow":8,"targetPressure":6.1}}
{"action":"sensor_data_update","data":{"brewActive":true,"steamActive":false,"scalesPresent":true,"temperature":0,"waterLvl":0,"pressure":4.289258,"pumpFlow":0,"weightFlow":5.605194e-45,"weight":0}}
{"action":"shot_data_update","data":{"timeInShot":3441,"pressure":4.289258,"pumpFlow":0,"weightFlow":5.605194e-45,"temperature":0,"shotWeight":0,"waterPumped":0,"targetTemperature":-1,"targetPumpFlow":8,"targetPressure":6.2}}
{"action":"sensor_data_update","data":{"brewActive":true,"steamActive":false,"scalesPresent":true,"temperature":0,"waterLvl":0,"pressure":4.30453,"pumpFlow":0,"weightFlow":5.605194e-45,"weight":0}}
{"action":"shot_data_update","data":{"timeInShot":3541,"pressure":4.30453,"pumpFlow":0,"weightFlow":5.605194e-45,"temperature":0,"shotWeight":0,"waterPumped":0,"targetTemperature":-1,"targetPumpFlow":8,"targetPressure":6.2}}
{"action":"sensor_data_update","data":{"brewActive":true,"steamActive":false,"scalesPresent":true,"temperature":0,"waterLvl":0,"pressure":4.28635,"pumpFlow":0,"weightFlow":5.605194e-45,"weight":0}}
{"action":"shot_data_update","data":{"timeInShot":3641,"pressure":4.28635,"pumpFlow":0,"weightFlow":5.605194e-45,"temperature":0,"shotWeight":0,"waterPumped":0,"targetTemperature":-1,"targetPumpFlow":8,"targetPressure":6.3}}
{"action":"sensor_data_update","data":{"brewActive":true,"steamActive":false,"scalesPresent":true,"temperature":0,"waterLvl":0,"pressure":4.295076,"pumpFlow":0,"weightFlow":5.605194e-45,"weight":0}}
{"action":"shot_data_update","data":{"timeInShot":3741,"pressure":4.295076,"pumpFlow":0,"weightFlow":5.605194e-45,"temperature":0,"shotWeight":0,"waterPumped":0,"targetTemperature":-1,"targetPumpFlow":8,"targetPressure":6.3}}
{"action":"sensor_data_update","data":{"brewActive":true,"steamActive":false,"scalesPresent":true,"temperature":0,"waterLvl":0,"pressure":4.274349,"pumpFlow":0,"weightFlow":5.605194e-45,"weight":0}}
{"action":"shot_data_update","data":{"timeInShot":3841,"pressure":4.274349,"pumpFlow":0,"weightFlow":5.605194e-45,"temperature":0,"shotWeight":0,"waterPumped":0,"targetTemperature":-1,"targetPumpFlow":8,"targetPressure":6.4}}
{"action":"sensor_data_update","data":{"brewActive":true,"steamActive":false,"scalesPresent":true,"temperature":0,"waterLvl":0,"pressure":4.32562,"pumpFlow":0,"weightFlow":5.605194e-45,"weight":0}}
{"action":"shot_data_update","data":{"timeInShot":3941,"pressure":4.32562,"pumpFlow":0,"weightFlow":5.605194e-45,"temperature":0,"shotWeight":0,"waterPumped":0,"targetTemperature":-1,"targetPumpFlow":8,"targetPressure":6.4}}
{"action":"sensor_data_update","data":{"brewActive":true,"steamActive":false,"scalesPresent":true,"temperature":0,"waterLvl":0,"pressure":4.295076,"pumpFlow":0,"weightFlow":5.605194e-45,"weight":0}}
{"action":"shot_data_update","data":{"timeInShot":4041,"pressure":4.295076,"pumpFlow":0,"weightFlow":5.605194e-45,"temperature":0,"shotWeight":0,"waterPumped":0,"targetTemperature":-1,"targetPumpFlow":8,"targetPressure":6.5}}
[ws] Unknown command. Use GO/STOP/STATUS/PING.
{"action":"sensor_data_update","data":{"brewActive":true,"steamActive":false,"scalesPresent":true,"temperature":0,"waterLvl":0,"pressure":4.289621,"pumpFlow":0,"weightFlow":5.605194e-45,"weight":0}}
{"action":"shot_data_update","data":{"timeInShot":4141,"pressure":4.289621,"pumpFlow":0,"weightFlow":5.605194e-45,"temperature":0,"shotWeight":0,"waterPumped":0,"targetTemperature":-1,"targetPumpFlow":8,"targetPressure":6.5}}
{"action":"sensor_data_update","data":{"brewActive":true,"steamActive":false,"scalesPresent":true,"temperature":0,"waterLvl":0,"pressure":4.298349,"pumpFlow":0,"weightFlow":5.605194e-45,"weight":0}}
{"action":"shot_data_update","data":{"timeInShot":4241,"pressure":4.298349,"pumpFlow":0,"weightFlow":5.605194e-45,"temperature":0,"shotWeight":0,"waterPumped":0,"targetTemperature":-1,"targetPumpFlow":8,"targetPressure":6.6}}
{"action":"sensor_data_update","data":{"brewActive":true,"steamActive":false,"scalesPresent":true,"temperature":0,"waterLvl":0,"pressure":4.31253,"pumpFlow":0,"weightFlow":5.605194e-45,"weight":0}}
{"action":"shot_data_update","data":{"timeInShot":4341,"pressure":4.31253,"pumpFlow":0,"weightFlow":5.605194e-45,"temperature":0,"shotWeight":0,"waterPumped":0,"targetTemperature":-1,"targetPumpFlow":8,"targetPressure":6.6}}
{"action":"sensor_data_update","data":{"brewActive":true,"steamActive":false,"scalesPresent":true,"temperature":0,"waterLvl":0,"pressure":4.281985,"pumpFlow":0,"weightFlow":5.605194e-45,"weight":0}}
{"action":"shot_data_update","data":{"timeInShot":4441,"pressure":4.281985,"pumpFlow":0,"weightFlow":5.605194e-45,"temperature":0,"shotWeight":0,"waterPumped":0,"targetTemperature":-1,"targetPumpFlow":8,"targetPressure":6.7}}
{"action":"sensor_data_update","data":{"brewActive":true,"steamActive":false,"scalesPresent":true,"temperature":0,"waterLvl":0,"pressure":4.27944,"pumpFlow":0,"weightFlow":5.605194e-45,"weight":0}}
{"action":"shot_data_update","data":{"timeInShot":4541,"pressure":4.27944,"pumpFlow":0,"weightFlow":5.605194e-45,"temperature":0,"shotWeight":0,"waterPumped":0,"targetTemperature":-1,"targetPumpFlow":8,"targetPressure":6.8}}
{"action":"sensor_data_update","data":{"brewActive":true,"steamActive":false,"scalesPresent":true,"temperature":0,"waterLvl":0,"pressure":4.271804,"pumpFlow":0,"weightFlow":5.605194e-45,"weight":0}}
{"action":"shot_data_update","data":{"timeInShot":4641,"pressure":4.271804,"pumpFlow":0,"weightFlow":5.605194e-45,"temperature":0,"shotWeight":0,"waterPumped":0,"targetTemperature":-1,"targetPumpFlow":8,"targetPressure":6.8}}
{"action":"sensor_data_update","data":{"brewActive":true,"steamActive":false,"scalesPresent":true,"temperature":0,"waterLvl":0,"pressure":4.281985,"pumpFlow":0,"weightFlow":5.605194e-45,"weight":0}}
{"action":"shot_data_update","data":{"timeInShot":4741,"pressure":4.281985,"pumpFlow":0,"weightFlow":5.605194e-45,"temperature":0,"shotWeight":0,"waterPumped":0,"targetTemperature":-1,"targetPumpFlow":8,"targetPressure":6.9}}
{"action":"sensor_data_update","data":{"brewActive":true,"steamActive":false,"scalesPresent":true,"temperature":0,"waterLvl":0,"pressure":4.289621,"pumpFlow":0,"weightFlow":5.605194e-45,"weight":0}}
{"action":"shot_data_update","data":{"timeInShot":4841,"pressure":4.289621,"pumpFlow":0,"weightFlow":5.605194e-45,"temperature":0,"shotWeight":0,"waterPumped":0,"targetTemperature":-1,"targetPumpFlow":8,"targetPressure":6.9}}
{"action":"sensor_data_update","data":{"brewActive":true,"steamActive":false,"scalesPresent":true,"temperature":0,"waterLvl":0,"pressure":4.299439,"pumpFlow":0,"weightFlow":5.605194e-45,"weight":0}}
{"action":"shot_data_update","data":{"timeInShot":4941,"pressure":4.299439,"pumpFlow":0,"weightFlow":5.605194e-45,"temperature":0,"shotWeight":0,"waterPumped":0,"targetTemperature":-1,"targetPumpFlow":8,"targetPressure":7}}
{"action":"sensor_data_update","data":{"brewActive":true,"steamActive":false,"scalesPresent":true,"temperature":0,"waterLvl":0,"pressure":4.292895,"pumpFlow":0,"weightFlow":5.605194e-45,"weight":0}}
{"action":"shot_data_update","data":{"timeInShot":5041,"pressure":4.292895,"pumpFlow":0,"weightFlow":5.605194e-45,"temperature":0,"shotWeight":0,"waterPumped":0,"targetTemperature":-1,"targetPumpFlow":8,"targetPressure":7}}
{"action":"sensor_data_update","data":{"brewActive":true,"steamActive":false,"scalesPresent":true,"temperature":0,"waterLvl":0,"pressure":4.284894,"pumpFlow":0,"weightFlow":5.605194e-45,"weight":0}}
{"action":"shot_data_update","data":{"timeInShot":5141,"pressure":4.284894,"pumpFlow":0,"weightFlow":5.605194e-45,"temperature":0,"shotWeight":0,"waterPumped":0,"targetTemperature":-1,"targetPumpFlow":8,"targetPressure":7}}
{"action":"sensor_data_update","data":{"brewActive":true,"steamActive":false,"scalesPresent":true,"temperature":0,"waterLvl":0,"pressure":4.312531,"pumpFlow":0,"weightFlow":5.605194e-45,"weight":0}}
{"action":"shot_data_update","data":{"timeInShot":5241,"pressure":4.312531,"pumpFlow":0,"weightFlow":5.605194e-45,"temperature":0,"shotWeight":0,"waterPumped":0,"targetTemperature":-1,"targetPumpFlow":8,"targetPressure":7}}
{"action":"sensor_data_update","data":{"brewActive":true,"steamActive":false,"scalesPresent":true,"temperature":0,"waterLvl":0,"pressure":4.28744,"pumpFlow":0,"weightFlow":5.605194e-45,"weight":0}}
{"action":"shot_data_update","data":{"timeInShot":5341,"pressure":4.28744,"pumpFlow":0,"weightFlow":5.605194e-45,"temperature":0,"shotWeight":0,"waterPumped":0,"targetTemperature":-1,"targetPumpFlow":8,"targetPressure":7}}
{"action":"sensor_data_update","data":{"brewActive":true,"steamActive":false,"scalesPresent":true,"temperature":0,"waterLvl":0,"pressure":4.321256,"pumpFlow":0,"weightFlow":5.605194e-45,"weight":0}}
{"action":"shot_data_update","data":{"timeInShot":5441,"pressure":4.321256,"pumpFlow":0,"weightFlow":5.605194e-45,"temperature":0,"shotWeight":0,"waterPumped":0,"targetTemperature":-1,"targetPumpFlow":8,"targetPressure":7}}
{"action":"sensor_data_update","data":{"brewActive":true,"steamActive":false,"scalesPresent":true,"temperature":0,"waterLvl":0,"pressure":4.297258,"pumpFlow":0,"weightFlow":5.605194e-45,"weight":0}}
{"action":"shot_data_update","data":{"timeInShot":5541,"pressure":4.297258,"pumpFlow":0,"weightFlow":5.605194e-45,"temperature":0,"shotWeight":0,"waterPumped":0,"targetTemperature":-1,"targetPumpFlow":8,"targetPressure":7}}
{"action":"sensor_data_update","data":{"brewActive":true,"steamActive":false,"scalesPresent":true,"temperature":0,"waterLvl":0,"pressure":4.281621,"pumpFlow":0,"weightFlow":5.605194e-45,"weight":0}}
{"action":"shot_data_update","data":{"timeInShot":5641,"pressure":4.281621,"pumpFlow":0,"weightFlow":5.605194e-45,"temperature":0,"shotWeight":0,"waterPumped":0,"targetTemperature":-1,"targetPumpFlow":8,"targetPressure":7}}
{"action":"sensor_data_update","data":{"brewActive":true,"steamActive":false,"scalesPresent":true,"temperature":0,"waterLvl":0,"pressure":4.294712,"pumpFlow":0,"weightFlow":5.605194e-45,"weight":0}}
{"action":"shot_data_update","data":{"timeInShot":5741,"pressure":4.294712,"pumpFlow":0,"weightFlow":5.605194e-45,"temperature":0,"shotWeight":0,"waterPumped":0,"targetTemperature":-1,"targetPumpFlow":8,"targetPressure":7}}
{"action":"sensor_data_update","data":{"brewActive":true,"steamActive":false,"scalesPresent":true,"temperature":0,"waterLvl":0,"pressure":4.289258,"pumpFlow":0,"weightFlow":5.605194e-45,"weight":0}}
{"action":"shot_data_update","data":{"timeInShot":5841,"pressure":4.289258,"pumpFlow":0,"weightFlow":5.605194e-45,"temperature":0,"shotWeight":0,"waterPumped":0,"targetTemperature":-1,"targetPumpFlow":8,"targetPressure":7}}
{"action":"sensor_data_update","data":{"brewActive":true,"steamActive":false,"scalesPresent":true,"temperature":0,"waterLvl":0,"pressure":4.302348,"pumpFlow":0,"weightFlow":5.605194e-45,"weight":0}}
{"action":"shot_data_update","data":{"timeInShot":5941,"pressure":4.302348,"pumpFlow":0,"weightFlow":5.605194e-45,"temperature":0,"shotWeight":0,"waterPumped":0,"targetTemperature":-1,"targetPumpFlow":8,"targetPressure":7}}
{"action":"sensor_data_update","data":{"brewActive":true,"steamActive":false,"scalesPresent":true,"temperature":0,"waterLvl":0,"pressure":4.304893,"pumpFlow":0,"weightFlow":5.605194e-45,"weight":0}}
{"action":"shot_data_update","data":{"timeInShot":6041,"pressure":4.304893,"pumpFlow":0,"weightFlow":5.605194e-45,"temperature":0,"shotWeight":0,"waterPumped":0,"targetTemperature":-1,"targetPumpFlow":8,"targetPressure":7}}
{"action":"sensor_data_update","data":{"brewActive":true,"steamActive":false,"scalesPresent":true,"temperature":0,"waterLvl":0,"pressure":4.31253,"pumpFlow":0,"weightFlow":5.605194e-45,"weight":0}}
{"action":"shot_data_update","data":{"timeInShot":6141,"pressure":4.31253,"pumpFlow":0,"weightFlow":5.605194e-45,"temperature":0,"shotWeight":0,"waterPumped":0,"targetTemperature":-1,"targetPumpFlow":8,"targetPressure":7}}
{"action":"sensor_data_update","data":{"brewActive":true,"steamActive":false,"scalesPresent":true,"temperature":0,"waterLvl":0,"pressure":4.294712,"pumpFlow":0,"weightFlow":5.605194e-45,"weight":0}}
{"action":"shot_data_update","data":{"timeInShot":6241,"pressure":4.294712,"pumpFlow":0,"weightFlow":5.605194e-45,"temperature":0,"shotWeight":0,"waterPumped":0,"targetTemperature":-1,"targetPumpFlow":8,"targetPressure":7}}
{"action":"sensor_data_update","data":{"brewActive":true,"steamActive":false,"scalesPresent":true,"temperature":0,"waterLvl":0,"pressure":4.31253,"pumpFlow":0,"weightFlow":5.605194e-45,"weight":0}}
{"action":"shot_data_update","data":{"timeInShot":6341,"pressure":4.31253,"pumpFlow":0,"weightFlow":5.605194e-45,"temperature":0,"shotWeight":0,"waterPumped":0,"targetTemperature":-1,"targetPumpFlow":8,"targetPressure":7}}
{"action":"sensor_data_update","data":{"brewActive":true,"steamActive":false,"scalesPresent":true,"temperature":0,"waterLvl":0,"pressure":4.30562,"pumpFlow":0,"weightFlow":5.605194e-45,"weight":0}}
{"action":"shot_data_update","data":{"timeInShot":6441,"pressure":4.30562,"pumpFlow":0,"weightFlow":5.605194e-45,"temperature":0,"shotWeight":0,"waterPumped":0,"targetTemperature":-1,"targetPumpFlow":8,"targetPressure":7}}
{"action":"sensor_data_update","data":{"brewActive":true,"steamActive":false,"scalesPresent":true,"temperature":0,"waterLvl":0,"pressure":4.301257,"pumpFlow":0,"weightFlow":5.605194e-45,"weight":0}}
{"action":"shot_data_update","data":{"timeInShot":6541,"pressure":4.301257,"pumpFlow":0,"weightFlow":5.605194e-45,"temperature":0,"shotWeight":0,"waterPumped":0,"targetTemperature":-1,"targetPumpFlow":8,"targetPressure":7}}
{"action":"sensor_data_update","data":{"brewActive":true,"steamActive":false,"scalesPresent":true,"temperature":0,"waterLvl":0,"pressure":4.307439,"pumpFlow":0,"weightFlow":5.605194e-45,"weight":0}}
{"action":"shot_data_update","data":{"timeInShot":6641,"pressure":4.307439,"pumpFlow":0,"weightFlow":5.605194e-45,"temperature":0,"shotWeight":0,"waterPumped":0,"targetTemperature":-1,"targetPumpFlow":8,"targetPressure":7}}
{"action":"sensor_data_update","data":{"brewActive":true,"steamActive":false,"scalesPresent":true,"temperature":0,"waterLvl":0,"pressure":4.294348,"pumpFlow":0,"weightFlow":5.605194e-45,"weight":0}}
{"action":"shot_data_update","data":{"timeInShot":6741,"pressure":4.294348,"pumpFlow":0,"weightFlow":5.605194e-45,"temperature":0,"shotWeight":0,"waterPumped":0,"targetTemperature":-1,"targetPumpFlow":8,"targetPressure":7}}
{"action":"sensor_data_update","data":{"brewActive":true,"steamActive":false,"scalesPresent":true,"temperature":0,"waterLvl":0,"pressure":4.302348,"pumpFlow":0,"weightFlow":5.605194e-45,"weight":0}}
{"action":"shot_data_update","data":{"timeInShot":6841,"pressure":4.302348,"pumpFlow":0,"weightFlow":5.605194e-45,"temperature":0,"shotWeight":0,"waterPumped":0,"targetTemperature":-1,"targetPumpFlow":8,"targetPressure":7}}
{"action":"sensor_data_update","data":{"brewActive":true,"steamActive":false,"scalesPresent":true,"temperature":0,"waterLvl":0,"pressure":4.321256,"pumpFlow":0,"weightFlow":5.605194e-45,"weight":0}}
{"action":"shot_data_update","data":{"timeInShot":6941,"pressure":4.321256,"pumpFlow":0,"weightFlow":5.605194e-45,"temperature":0,"shotWeight":0,"waterPumped":0,"targetTemperature":-1,"targetPumpFlow":8,"targetPressure":7}}
{"action":"sensor_data_update","data":{"brewActive":true,"steamActive":false,"scalesPresent":true,"temperature":0,"waterLvl":0,"pressure":4.294713,"pumpFlow":0,"weightFlow":5.605194e-45,"weight":0}}
{"action":"shot_data_update","data":{"timeInShot":7041,"pressure":4.294713,"pumpFlow":0,"weightFlow":5.605194e-45,"temperature":0,"shotWeight":0,"waterPumped":0,"targetTemperature":-1,"targetPumpFlow":8,"targetPressure":7}}
{"action":"sensor_data_update","data":{"brewActive":true,"steamActive":false,"scalesPresent":true,"temperature":0,"waterLvl":0,"pressure":4.302348,"pumpFlow":0,"weightFlow":5.605194e-45,"weight":0}}
{"action":"shot_data_update","data":{"timeInShot":7141,"pressure":4.302348,"pumpFlow":0,"weightFlow":5.605194e-45,"temperature":0,"shotWeight":0,"waterPumped":0,"targetTemperature":-1,"targetPumpFlow":8,"targetPressure":7}}
{"action":"sensor_data_update","data":{"brewActive":true,"steamActive":false,"scalesPresent":true,"temperature":0,"waterLvl":0,"pressure":4.294712,"pumpFlow":0,"weightFlow":5.605194e-45,"weight":0}}
{"action":"shot_data_update","data":{"timeInShot":7241,"pressure":4.294712,"pumpFlow":0,"weightFlow":5.605194e-45,"temperature":0,"shotWeight":0,"waterPumped":0,"targetTemperature":-1,"targetPumpFlow":8,"targetPressure":7}}
{"action":"sensor_data_update","data":{"brewActive":true,"steamActive":false,"scalesPresent":true,"temperature":0,"waterLvl":0,"pressure":4.315439,"pumpFlow":0,"weightFlow":5.605194e-45,"weight":0}}
{"action":"shot_data_update","data":{"timeInShot":7341,"pressure":4.315439,"pumpFlow":0,"weightFlow":5.605194e-45,"temperature":0,"shotWeight":0,"waterPumped":0,"targetTemperature":-1,"targetPumpFlow":8,"targetPressure":7}}
{"action":"sensor_data_update","data":{"brewActive":true,"steamActive":false,"scalesPresent":true,"temperature":0,"waterLvl":0,"pressure":4.299439,"pumpFlow":0,"weightFlow":5.605194e-45,"weight":0}}
{"action":"shot_data_update","data":{"timeInShot":7441,"pressure":4.299439,"pumpFlow":0,"weightFlow":5.605194e-45,"temperature":0,"shotWeight":0,"waterPumped":0,"targetTemperature":-1,"targetPumpFlow":8,"targetPressure":7}}
{"action":"sensor_data_update","data":{"brewActive":true,"steamActive":false,"scalesPresent":true,"temperature":0,"waterLvl":0,"pressure":4.289258,"pumpFlow":0,"weightFlow":5.605194e-45,"weight":0}}
{"action":"shot_data_update","data":{"timeInShot":7541,"pressure":4.289258,"pumpFlow":0,"weightFlow":5.605194e-45,"temperature":0,"shotWeight":0,"waterPumped":0,"targetTemperature":-1,"targetPumpFlow":8,"targetPressure":7}}
{"action":"sensor_data_update","data":{"brewActive":true,"steamActive":false,"scalesPresent":true,"temperature":0,"waterLvl":0,"pressure":4.320167,"pumpFlow":0,"weightFlow":5.605194e-45,"weight":0}}
{"action":"shot_data_update","data":{"timeInShot":7641,"pressure":4.320167,"pumpFlow":0,"weightFlow":5.605194e-45,"temperature":0,"shotWeight":0,"waterPumped":0,"targetTemperature":-1,"targetPumpFlow":8,"targetPressure":7}}
{"action":"sensor_data_update","data":{"brewActive":true,"steamActive":false,"scalesPresent":true,"temperature":0,"waterLvl":0,"pressure":4.302713,"pumpFlow":0,"weightFlow":5.605194e-45,"weight":0}}
{"action":"shot_data_update","data":{"timeInShot":7741,"pressure":4.302713,"pumpFlow":0,"weightFlow":5.605194e-45,"temperature":0,"shotWeight":0,"waterPumped":0,"targetTemperature":-1,"targetPumpFlow":8,"targetPressure":7}}
{"action":"sensor_data_update","data":{"brewActive":true,"steamActive":false,"scalesPresent":true,"temperature":0,"waterLvl":0,"pressure":4.295076,"pumpFlow":0,"weightFlow":5.605194e-45,"weight":0}}
{"action":"shot_data_update","data":{"timeInShot":7841,"pressure":4.295076,"pumpFlow":0,"weightFlow":5.605194e-45,"temperature":0,"shotWeight":0,"waterPumped":0,"targetTemperature":-1,"targetPumpFlow":8,"targetPressure":7}}
{"action":"sensor_data_update","data":{"brewActive":true,"steamActive":false,"scalesPresent":true,"temperature":0,"waterLvl":0,"pressure":4.29944,"pumpFlow":0,"weightFlow":5.605194e-45,"weight":0}}
{"action":"shot_data_update","data":{"timeInShot":7941,"pressure":4.29944,"pumpFlow":0,"weightFlow":5.605194e-45,"temperature":0,"shotWeight":0,"waterPumped":0,"targetTemperature":-1,"targetPumpFlow":8,"targetPressure":7}}
{"action":"sensor_data_update","data":{"brewActive":true,"steamActive":false,"scalesPresent":true,"temperature":0,"waterLvl":0,"pressure":4.31762,"pumpFlow":0,"weightFlow":5.605194e-45,"weight":0}}
{"action":"shot_data_update","data":{"timeInShot":8041,"pressure":4.31762,"pumpFlow":0,"weightFlow":5.605194e-45,"temperature":0,"shotWeight":0,"waterPumped":0,"targetTemperature":-1,"targetPumpFlow":9,"targetPressure":7}}
{"action":"sensor_data_update","data":{"brewActive":true,"steamActive":false,"scalesPresent":true,"temperature":0,"waterLvl":0,"pressure":4.292167,"pumpFlow":0,"weightFlow":5.605194e-45,"weight":0}}
{"action":"shot_data_update","data":{"timeInShot":8141,"pressure":4.292167,"pumpFlow":0,"weightFlow":5.605194e-45,"temperature":0,"shotWeight":0,"waterPumped":0,"targetTemperature":-1,"targetPumpFlow":9,"targetPressure":7}}
{"action":"sensor_data_update","data":{"brewActive":true,"steamActive":false,"scalesPresent":true,"temperature":0,"waterLvl":0,"pressure":4.28344,"pumpFlow":0,"weightFlow":5.605194e-45,"weight":0}}
{"action":"shot_data_update","data":{"timeInShot":8241,"pressure":4.28344,"pumpFlow":0,"weightFlow":5.605194e-45,"temperature":0,"shotWeight":0,"waterPumped":0,"targetTemperature":-1,"targetPumpFlow":9,"targetPressure":7}}
{"action":"sensor_data_update","data":{"brewActive":true,"steamActive":false,"scalesPresent":true,"temperature":0,"waterLvl":0,"pressure":4.301985,"pumpFlow":0,"weightFlow":5.605194e-45,"weight":0}}
{"action":"shot_data_update","data":{"timeInShot":8341,"pressure":4.301985,"pumpFlow":0,"weightFlow":5.605194e-45,"temperature":0,"shotWeight":0,"waterPumped":0,"targetTemperature":-1,"targetPumpFlow":9,"targetPressure":7}}
{"action":"sensor_data_update","data":{"brewActive":true,"steamActive":false,"scalesPresent":true,"temperature":0,"waterLvl":0,"pressure":4.305258,"pumpFlow":0,"weightFlow":5.605194e-45,"weight":0}}
{"action":"shot_data_update","data":{"timeInShot":8441,"pressure":4.305258,"pumpFlow":0,"weightFlow":5.605194e-45,"temperature":0,"shotWeight":0,"waterPumped":0,"targetTemperature":-1,"targetPumpFlow":9,"targetPressure":7}}
{"action":"sensor_data_update","data":{"brewActive":true,"steamActive":false,"scalesPresent":true,"temperature":0,"waterLvl":0,"pressure":4.305985,"pumpFlow":0,"weightFlow":5.605194e-45,"weight":0}}
{"action":"shot_data_update","data":{"timeInShot":8541,"pressure":4.305985,"pumpFlow":0,"weightFlow":5.605194e-45,"temperature":0,"shotWeight":0,"waterPumped":0,"targetTemperature":-1,"targetPumpFlow":9,"targetPressure":7}}
[shot] already active
{"action":"sensor_data_update","data":{"brewActive":true,"steamActive":false,"scalesPresent":true,"temperature":0,"waterLvl":0,"pressure":4.305985,"pumpFlow":0,"weightFlow":5.605194e-45,"weight":0}}
{"action":"shot_data_update","data":{"timeInShot":8641,"pressure":4.305985,"pumpFlow":0,"weightFlow":5.605194e-45,"temperature":0,"shotWeight":0,"waterPumped":0,"targetTemperature":-1,"targetPumpFlow":9,"targetPressure":7}}
{"action":"sensor_data_update","data":{"brewActive":true,"steamActive":false,"scalesPresent":true,"temperature":0,"waterLvl":0,"pressure":4.29944,"pumpFlow":0,"weightFlow":5.605194e-45,"weight":0}}
{"action":"shot_data_update","data":{"timeInShot":8741,"pressure":4.29944,"pumpFlow":0,"weightFlow":5.605194e-45,"temperature":0,"shotWeight":0,"waterPumped":0,"targetTemperature":-1,"targetPumpFlow":9,"targetPressure":7}}
{"action":"sensor_data_update","data":{"brewActive":true,"steamActive":false,"scalesPresent":true,"temperature":0,"waterLvl":0,"pressure":4.324165,"pumpFlow":0,"weightFlow":5.605194e-45,"weight":0}}
{"action":"shot_data_update","data":{"timeInShot":8841,"pressure":4.324165,"pumpFlow":0,"weightFlow":5.605194e-45,"temperature":0,"shotWeight":0,"waterPumped":0,"targetTemperature":-1,"targetPumpFlow":9,"targetPressure":7}}
{"action":"sensor_data_update","data":{"brewActive":true,"steamActive":false,"scalesPresent":true,"temperature":0,"waterLvl":0,"pressure":4.320167,"pumpFlow":0,"weightFlow":5.605194e-45,"weight":0}}
{"action":"shot_data_update","data":{"timeInShot":8941,"pressure":4.320167,"pumpFlow":0,"weightFlow":5.605194e-45,"temperature":0,"shotWeight":0,"waterPumped":0,"targetTemperature":-1,"targetPumpFlow":9,"targetPressure":7}}
{"action":"sensor_data_update","data":{"brewActive":true,"steamActive":false,"scalesPresent":true,"temperature":0,"waterLvl":0,"pressure":4.312531,"pumpFlow":0,"weightFlow":5.605194e-45,"weight":0}}
{"action":"shot_data_update","data":{"timeInShot":9041,"pressure":4.312531,"pumpFlow":0,"weightFlow":5.605194e-45,"temperature":0,"shotWeight":0,"waterPumped":0,"targetTemperature":-1,"targetPumpFlow":9,"targetPressure":7}}
{"action":"sensor_data_update","data":{"brewActive":true,"steamActive":false,"scalesPresent":true,"temperature":0,"waterLvl":0,"pressure":4.269258,"pumpFlow":0,"weightFlow":5.605194e-45,"weight":0}}
{"action":"shot_data_update","data":{"timeInShot":9141,"pressure":4.269258,"pumpFlow":0,"weightFlow":5.605194e-45,"temperature":0,"shotWeight":0,"waterPumped":0,"targetTemperature":-1,"targetPumpFlow":9,"targetPressure":7}}
{"action":"sensor_data_update","data":{"brewActive":true,"steamActive":false,"scalesPresent":true,"temperature":0,"waterLvl":0,"pressure":4.297985,"pumpFlow":0,"weightFlow":5.605194e-45,"weight":0}}
{"action":"shot_data_update","data":{"timeInShot":9241,"pressure":4.297985,"pumpFlow":0,"weightFlow":5.605194e-45,"temperature":0,"shotWeight":0,"waterPumped":0,"targetTemperature":-1,"targetPumpFlow":9,"targetPressure":7}}
{"action":"sensor_data_update","data":{"brewActive":true,"steamActive":false,"scalesPresent":true,"temperature":0,"waterLvl":0,"pressure":4.322712,"pumpFlow":0,"weightFlow":5.605194e-45,"weight":0}}
{"action":"shot_data_update","data":{"timeInShot":9341,"pressure":4.322712,"pumpFlow":0,"weightFlow":5.605194e-45,"temperature":0,"shotWeight":0,"waterPumped":0,"targetTemperature":-1,"targetPumpFlow":9,"targetPressure":7}}
{"action":"sensor_data_update","data":{"brewActive":true,"steamActive":false,"scalesPresent":true,"temperature":0,"waterLvl":0,"pressure":4.314712,"pumpFlow":0,"weightFlow":5.605194e-45,"weight":0}}
{"action":"shot_data_update","data":{"timeInShot":9441,"pressure":4.314712,"pumpFlow":0,"weightFlow":5.605194e-45,"temperature":0,"shotWeight":0,"waterPumped":0,"targetTemperature":-1,"targetPumpFlow":9,"targetPressure":7}}
{"action":"sensor_data_update","data":{"brewActive":true,"steamActive":false,"scalesPresent":true,"temperature":0,"waterLvl":0,"pressure":4.289621,"pumpFlow":0,"weightFlow":5.605194e-45,"weight":0}}
{"action":"shot_data_update","data":{"timeInShot":9541,"pressure":4.289621,"pumpFlow":0,"weightFlow":5.605194e-45,"temperature":0,"shotWeight":0,"waterPumped":0,"targetTemperature":-1,"targetPumpFlow":9,"targetPressure":7}}
{"action":"sensor_data_update","data":{"brewActive":true,"steamActive":false,"scalesPresent":true,"temperature":0,"waterLvl":0,"pressure":4.320893,"pumpFlow":0,"weightFlow":5.605194e-45,"weight":0}}
{"action":"shot_data_update","data":{"timeInShot":9641,"pressure":4.320893,"pumpFlow":0,"weightFlow":5.605194e-45,"temperature":0,"shotWeight":0,"waterPumped":0,"targetTemperature":-1,"targetPumpFlow":9,"targetPressure":7}}
{"action":"sensor_data_update","data":{"brewActive":true,"steamActive":false,"scalesPresent":true,"temperature":0,"waterLvl":0,"pressure":4.332165,"pumpFlow":0,"weightFlow":5.605194e-45,"weight":0}}
{"action":"shot_data_update","data":{"timeInShot":9741,"pressure":4.332165,"pumpFlow":0,"weightFlow":5.605194e-45,"temperature":0,"shotWeight":0,"waterPumped":0,"targetTemperature":-1,"targetPumpFlow":9,"targetPressure":7}}
{"action":"sensor_data_update","data":{"brewActive":true,"steamActive":false,"scalesPresent":true,"temperature":0,"waterLvl":0,"pressure":4.324893,"pumpFlow":0,"weightFlow":5.605194e-45,"weight":0}}
{"action":"shot_data_update","data":{"timeInShot":9841,"pressure":4.324893,"pumpFlow":0,"weightFlow":5.605194e-45,"temperature":0,"shotWeight":0,"waterPumped":0,"targetTemperature":-1,"targetPumpFlow":9,"targetPressure":7}}
{"action":"sensor_data_update","data":{"brewActive":true,"steamActive":false,"scalesPresent":true,"temperature":0,"waterLvl":0,"pressure":4.321983,"pumpFlow":0,"weightFlow":5.605194e-45,"weight":0}}
{"action":"shot_data_update","data":{"timeInShot":9941,"pressure":4.321983,"pumpFlow":0,"weightFlow":5.605194e-45,"temperature":0,"shotWeight":0,"waterPumped":0,"targetTemperature":-1,"targetPumpFlow":9,"targetPressure":7}}
{"action":"sensor_data_update","data":{"brewActive":true,"steamActive":false,"scalesPresent":true,"temperature":0,"waterLvl":0,"pressure":4.322711,"pumpFlow":0,"weightFlow":5.605194e-45,"weight":0}}
{"action":"shot_data_update","data":{"timeInShot":10041,"pressure":4.322711,"pumpFlow":0,"weightFlow":5.605194e-45,"temperature":0,"shotWeight":0,"waterPumped":0,"targetTemperature":-1,"targetPumpFlow":9,"targetPressure":7}}
{"action":"sensor_data_update","data":{"brewActive":true,"steamActive":false,"scalesPresent":true,"temperature":0,"waterLvl":0,"pressure":4.329256,"pumpFlow":0,"weightFlow":5.605194e-45,"weight":0}}
{"action":"shot_data_update","data":{"timeInShot":10141,"pressure":4.329256,"pumpFlow":0,"weightFlow":5.605194e-45,"temperature":0,"shotWeight":0,"waterPumped":0,"targetTemperature":-1,"targetPumpFlow":9,"targetPressure":7}}
{"action":"sensor_data_update","data":{"brewActive":true,"steamActive":false,"scalesPresent":true,"temperature":0,"waterLvl":0,"pressure":4.322349,"pumpFlow":0,"weightFlow":5.605194e-45,"weight":0}}
{"action":"shot_data_update","data":{"timeInShot":10241,"pressure":4.322349,"pumpFlow":0,"weightFlow":5.605194e-45,"temperature":0,"shotWeight":0,"waterPumped":0,"targetTemperature":-1,"targetPumpFlow":9,"targetPressure":7}}
{"action":"sensor_data_update","data":{"brewActive":true,"steamActive":false,"scalesPresent":true,"temperature":0,"waterLvl":0,"pressure":4.329984,"pumpFlow":0,"weightFlow":5.605194e-45,"weight":0}}
{"action":"shot_data_update","data":{"timeInShot":10341,"pressure":4.329984,"pumpFlow":0,"weightFlow":5.605194e-45,"temperature":0,"shotWeight":0,"waterPumped":0,"targetTemperature":-1,"targetPumpFlow":9,"targetPressure":7}}
{"action":"sensor_data_update","data":{"brewActive":true,"steamActive":false,"scalesPresent":true,"temperature":0,"waterLvl":0,"pressure":4.319802,"pumpFlow":0,"weightFlow":5.605194e-45,"weight":0}}
{"action":"shot_data_update","data":{"timeInShot":10441,"pressure":4.319802,"pumpFlow":0,"weightFlow":5.605194e-45,"temperature":0,"shotWeight":0,"waterPumped":0,"targetTemperature":-1,"targetPumpFlow":9,"targetPressure":7}}
{"action":"sensor_data_update","data":{"brewActive":true,"steamActive":false,"scalesPresent":true,"temperature":0,"waterLvl":0,"pressure":4.32562,"pumpFlow":0,"weightFlow":5.605194e-45,"weight":0}}
{"action":"shot_data_update","data":{"timeInShot":10541,"pressure":4.32562,"pumpFlow":0,"weightFlow":5.605194e-45,"temperature":0,"shotWeight":0,"waterPumped":0,"targetTemperature":-1,"targetPumpFlow":9,"targetPressure":7}}
{"action":"sensor_data_update","data":{"brewActive":true,"steamActive":false,"scalesPresent":true,"temperature":0,"waterLvl":0,"pressure":4.332165,"pumpFlow":0,"weightFlow":5.605194e-45,"weight":0}}
{"action":"shot_data_update","data":{"timeInShot":10641,"pressure":4.332165,"pumpFlow":0,"weightFlow":5.605194e-45,"temperature":0,"shotWeight":0,"waterPumped":0,"targetTemperature":-1,"targetPumpFlow":9,"targetPressure":7}}
{"action":"log_record","data":{"source":"FlowProfilingArduino","log":"[shot] STOP (user)"}}
{"action":"sensor_data_update","data":{"brewActive":false,"steamActive":false,"scalesPresent":true,"temperature":0,"waterLvl":0,"pressure":4.338711,"pumpFlow":0,"weightFlow":5.605194e-45,"weight":0}}
{"action":"sensor_data_update","data":{"brewActive":false,"steamActive":false,"scalesPresent":true,"temperature":0,"waterLvl":0,"pressure":4.327075,"pumpFlow":0,"weightFlow":5.605194e-45,"weight":0}}
{"action":"sensor_data_update","data":{"brewActive":false,"steamActive":false,"scalesPresent":true,"temperature":0,"waterLvl":0,"pressure":4.343801,"pumpFlow":0,"weightFlow":5.605194e-45,"weight":0}}
{"action":"sensor_data_update","data":{"brewActive":false,"steamActive":false,"scalesPresent":true,"temperature":0,"waterLvl":0,"pressure":4.347436,"pumpFlow":0,"weightFlow":5.605194e-45,"weight":0}}
{"action":"sensor_data_update","data":{"brewActive":false,"steamActive":false,"scalesPresent":true,"temperature":0,"waterLvl":0,"pressure":4.339801,"pumpFlow":0,"weightFlow":5.605194e-45,"weight":0}}
{"action":"sensor_data_update","data":{"brewActive":false,"steamActive":false,"scalesPresent":true,"temperature":0,"waterLvl":0,"pressure":4.342346,"pumpFlow":0,"weightFlow":5.605194e-45,"weight":0}}
{"action":"sensor_data_update","data":{"brewActive":false,"steamActive":false,"scalesPresent":true,"temperature":0,"waterLvl":0,"pressure":4.348892,"pumpFlow":0,"weightFlow":5.605194e-45,"weight":0}}
{"action":"sensor_data_update","data":{"brewActive":false,"steamActive":false,"scalesPresent":true,"temperature":0,"waterLvl":0,"pressure":4.340528,"pumpFlow":0,"weightFlow":5.605194e-45,"weight":0}}
{"action":"sensor_data_update","data":{"brewActive":false,"steamActive":false,"scalesPresent":true,"temperature":0,"waterLvl":0,"pressure":4.348892,"pumpFlow":0,"weightFlow":5.605194e-45,"weight":0}}
{"action":"sensor_data_update","data":{"brewActive":false,"steamActive":false,"scalesPresent":true,"temperature":0,"waterLvl":0,"pressure":4.339801,"pumpFlow":0,"weightFlow":5.605194e-45,"weight":0}}
{"action":"sensor_data_update","data":{"brewActive":false,"steamActive":false,"scalesPresent":true,"temperature":0,"waterLvl":0,"pressure":4.348528,"pumpFlow":0,"weightFlow":5.605194e-45,"weight":0}}
{"action":"sensor_data_update","data":{"brewActive":false,"steamActive":false,"scalesPresent":true,"temperature":0,"waterLvl":0,"pressure":4.314712,"pumpFlow":0,"weightFlow":5.605194e-45,"weight":0}}
{"action":"sensor_data_update","data":{"brewActive":false,"steamActive":false,"scalesPresent":true,"temperature":0,"waterLvl":0,"pressure":4.351075,"pumpFlow":0,"weightFlow":5.605194e-45,"weight":0}}
{"action":"sensor_data_update","data":{"brewActive":false,"steamActive":false,"scalesPresent":true,"temperature":0,"waterLvl":0,"pressure":4.353257,"pumpFlow":0,"weightFlow":5.605194e-45,"weight":0}}
{"action":"sensor_data_update","data":{"brewActive":false,"steamActive":false,"scalesPresent":true,"temperature":0,"waterLvl":0,"pressure":4.355074,"pumpFlow":0,"weightFlow":5.605194e-45,"weight":0}}
{"action":"sensor_data_update","data":{"brewActive":false,"steamActive":false,"scalesPresent":true,"temperature":0,"waterLvl":0,"pressure":4.349983,"pumpFlow":0,"weightFlow":5.605194e-45,"weight":0}}
{"action":"sensor_data_update","data":{"brewActive":false,"steamActive":false,"scalesPresent":true,"temperature":0,"waterLvl":0,"pressure":4.371073,"pumpFlow":0,"weightFlow":5.605194e-45,"weight":0}}
{"action":"sensor_data_update","data":{"brewActive":false,"steamActive":false,"scalesPresent":true,"temperature":0,"waterLvl":0,"pressure":4.345984,"pumpFlow":0,"weightFlow":5.605194e-45,"weight":0}}
{"action":"sensor_data_update","data":{"brewActive":false,"steamActive":false,"scalesPresent":true,"temperature":0,"waterLvl":0,"pressure":4.345984,"pumpFlow":0,"weightFlow":5.605194e-45,"weight":0}}
{"action":"sensor_data_update","data":{"brewActive":false,"steamActive":false,"scalesPresent":true,"temperature":0,"waterLvl":0,"pressure":4.364891,"pumpFlow":0,"weightFlow":5.605194e-45,"weight":0}}
{"action":"sensor_data_update","data":{"brewActive":false,"steamActive":false,"scalesPresent":true,"temperature":0,"waterLvl":0,"pressure":4.391073,"pumpFlow":0,"weightFlow":5.605194e-45,"weight":0}}
{"action":"sensor_data_update","data":{"brewActive":false,"steamActive":false,"scalesPresent":true,"temperature":0,"waterLvl":0,"pressure":4.356529,"pumpFlow":0,"weightFlow":5.605194e-45,"weight":0}}
{"action":"sensor_data_update","data":{"brewActive":false,"steamActive":false,"scalesPresent":true,"temperature":0,"waterLvl":0,"pressure":4.369255,"pumpFlow":0,"weightFlow":5.605194e-45,"weight":0}}
{"action":"sensor_data_update","data":{"brewActive":false,"steamActive":false,"scalesPresent":true,"temperature":0,"waterLvl":0,"pressure":4.364165,"pumpFlow":0,"weightFlow":5.605194e-45,"weight":0}}
{"action":"sensor_data_update","data":{"brewActive":false,"steamActive":false,"scalesPresent":true,"temperature":0,"waterLvl":0,"pressure":4.368529,"pumpFlow":0,"weightFlow":5.605194e-45,"weight":0}}
{"action":"sensor_data_update","data":{"brewActive":false,"steamActive":false,"scalesPresent":true,"temperature":0,"waterLvl":0,"pressure":4.375073,"pumpFlow":0,"weightFlow":5.605194e-45,"weight":0}}
{"action":"sensor_data_update","data":{"brewActive":false,"steamActive":false,"scalesPresent":true,"temperature":0,"waterLvl":0,"pressure":4.372528,"pumpFlow":0,"weightFlow":5.605194e-45,"weight":0}}
{"action":"sensor_data_update","data":{"brewActive":false,"steamActive":false,"scalesPresent":true,"temperature":0,"waterLvl":0,"pressure":4.373619,"pumpFlow":0,"weightFlow":5.605194e-45,"weight":0}}
{"action":"sensor_data_update","data":{"brewActive":false,"steamActive":false,"scalesPresent":true,"temperature":0,"waterLvl":0,"pressure":4.417617,"pumpFlow":0,"weightFlow":5.605194e-45,"weight":0}}
{"action":"sensor_data_update","data":{"brewActive":false,"steamActive":false,"scalesPresent":true,"temperature":0,"waterLvl":0,"pressure":4.330347,"pumpFlow":0,"weightFlow":5.605194e-45,"weight":0}}
{"action":"sensor_data_update","data":{"brewActive":false,"steamActive":false,"scalesPresent":true,"temperature":0,"waterLvl":0,"pressure":4.399073,"pumpFlow":0,"weightFlow":5.605194e-45,"weight":0}}
