{"action":"log_record","data":{"source":"FlowProfilingArduino","log":"[shot] GO (started)"}}
{"action":"sensor_data_update","data":{"brewActive":true,"steamActive":false,"scalesPresent":true,"temperature":0,"waterLvl":0,"pressure":6.920085,"pumpFlow":0,"weightFlow":5.605194e-45,"weight":0}}
{"action":"shot_data_update","data":{"timeInShot":46,"pressure":6.920085,"pumpFlow":0,"weightFlow":5.605194e-45,"temperature":0,"shotWeight":0,"waterPumped":0,"targetTemperature":-1,"targetPumpFlow":8,"targetPressure":6.9}}
{"action":"sensor_data_update","data":{"brewActive":true,"steamActive":false,"scalesPresent":true,"temperature":0,"waterLvl":0,"pressure":6.91245,"pumpFlow":0,"weightFlow":5.605194e-45,"weight":0}}
{"action":"shot_data_update","data":{"timeInShot":146,"pressure":6.91245,"pumpFlow":0,"weightFlow":5.605194e-45,"temperature":0,"shotWeight":0,"waterPumped":0,"targetTemperature":-1,"targetPumpFlow":8,"targetPressure":6.9}}
{"action":"sensor_data_update","data":{"brewActive":true,"steamActive":false,"scalesPresent":true,"temperature":0,"waterLvl":0,"pressure":6.91245,"pumpFlow":0,"weightFlow":5.605194e-45,"weight":0}}
{"action":"shot_data_update","data":{"timeInShot":246,"pressure":6.91245,"pumpFlow":0,"weightFlow":5.605194e-45,"temperature":0,"shotWeight":0,"waterPumped":0,"targetTemperature":-1,"targetPumpFlow":8,"targetPressure":6.9}}
{"action":"sensor_data_update","data":{"brewActive":true,"steamActive":false,"scalesPresent":true,"temperature":0,"waterLvl":0,"pressure":6.910995,"pumpFlow":0,"weightFlow":5.605194e-45,"weight":0}}
{"action":"shot_data_update","data":{"timeInShot":346,"pressure":6.910995,"pumpFlow":0,"weightFlow":5.605194e-45,"temperature":0,"shotWeight":0,"waterPumped":0,"targetTemperature":-1,"targetPumpFlow":8,"targetPressure":6.9}}
{"action":"sensor_data_update","data":{"brewActive":true,"steamActive":false,"scalesPresent":true,"temperature":0,"waterLvl":0,"pressure":6.905905,"pumpFlow":0,"weightFlow":5.605194e-45,"weight":0}}
{"action":"shot_data_update","data":{"timeInShot":446,"pressure":6.905905,"pumpFlow":0,"weightFlow":5.605194e-45,"temperature":0,"shotWeight":0,"waterPumped":0,"targetTemperature":-1,"targetPumpFlow":8,"targetPressure":6.9}}
{"action":"sensor_data_update","data":{"brewActive":true,"steamActive":false,"scalesPresent":true,"temperature":0,"waterLvl":0,"pressure":6.910268,"pumpFlow":0,"weightFlow":5.605194e-45,"weight":0}}
{"action":"shot_data_update","data":{"timeInShot":546,"pressure":6.910268,"pumpFlow":0,"weightFlow":5.605194e-45,"temperature":0,"shotWeight":0,"waterPumped":0,"targetTemperature":-1,"targetPumpFlow":8,"targetPressure":6.9}}
{"action":"sensor_data_update","data":{"brewActive":true,"steamActive":false,"scalesPresent":true,"temperature":0,"waterLvl":0,"pressure":6.900814,"pumpFlow":0,"weightFlow":5.605194e-45,"weight":0}}
{"action":"shot_data_update","data":{"timeInShot":646,"pressure":6.900814,"pumpFlow":0,"weightFlow":5.605194e-45,"temperature":0,"shotWeight":0,"waterPumped":0,"targetTemperature":-1,"targetPumpFlow":8,"targetPressure":6.9}}
{"action":"sensor_data_update","data":{"brewActive":true,"steamActive":false,"scalesPresent":true,"temperature":0,"waterLvl":0,"pressure":6.902267,"pumpFlow":0,"weightFlow":5.605194e-45,"weight":0}}
{"action":"shot_data_update","data":{"timeInShot":746,"pressure":6.902267,"pumpFlow":0,"weightFlow":5.605194e-45,"temperature":0,"shotWeight":0,"waterPumped":0,"targetTemperature":-1,"targetPumpFlow":8,"targetPressure":6.9}}
{"action":"sensor_data_update","data":{"brewActive":true,"steamActive":false,"scalesPresent":true,"temperature":0,"waterLvl":0,"pressure":6.879725,"pumpFlow":0,"weightFlow":5.605194e-45,"weight":0}}
{"action":"shot_data_update","data":{"timeInShot":846,"pressure":6.879725,"pumpFlow":0,"weightFlow":5.605194e-45,"temperature":0,"shotWeight":0,"waterPumped":0,"targetTemperature":-1,"targetPumpFlow":8,"targetPressure":6.9}}
{"action":"sensor_data_update","data":{"brewActive":true,"steamActive":false,"scalesPresent":true,"temperature":0,"waterLvl":0,"pressure":6.87936,"pumpFlow":0,"weightFlow":5.605194e-45,"weight":0}}
{"action":"shot_data_update","data":{"timeInShot":946,"pressure":6.87936,"pumpFlow":0,"weightFlow":5.605194e-45,"temperature":0,"shotWeight":0,"waterPumped":0,"targetTemperature":-1,"targetPumpFlow":8,"targetPressure":6.9}}
{"action":"sensor_data_update","data":{"brewActive":true,"steamActive":false,"scalesPresent":true,"temperature":0,"waterLvl":0,"pressure":6.869542,"pumpFlow":0,"weightFlow":5.605194e-45,"weight":0}}
{"action":"shot_data_update","data":{"timeInShot":1046,"pressure":6.869542,"pumpFlow":0,"weightFlow":5.605194e-45,"temperature":0,"shotWeight":0,"waterPumped":0,"targetTemperature":-1,"targetPumpFlow":8,"targetPressure":6.9}}
{"action":"sensor_data_update","data":{"brewActive":true,"steamActive":false,"scalesPresent":true,"temperature":0,"waterLvl":0,"pressure":6.876088,"pumpFlow":0,"weightFlow":5.605194e-45,"weight":0}}
{"action":"shot_data_update","data":{"timeInShot":1146,"pressure":6.876088,"pumpFlow":0,"weightFlow":5.605194e-45,"temperature":0,"shotWeight":0,"waterPumped":0,"targetTemperature":-1,"targetPumpFlow":8,"targetPressure":6.9}}
{"action":"sensor_data_update","data":{"brewActive":true,"steamActive":false,"scalesPresent":true,"temperature":0,"waterLvl":0,"pressure":6.869543,"pumpFlow":0,"weightFlow":5.605194e-45,"weight":0}}
{"action":"shot_data_update","data":{"timeInShot":1246,"pressure":6.869543,"pumpFlow":0,"weightFlow":5.605194e-45,"temperature":0,"shotWeight":0,"waterPumped":0,"targetTemperature":-1,"targetPumpFlow":8,"targetPressure":6.9}}
{"action":"sensor_data_update","data":{"brewActive":true,"steamActive":false,"scalesPresent":true,"temperature":0,"waterLvl":0,"pressure":6.862998,"pumpFlow":0,"weightFlow":5.605194e-45,"weight":0}}
{"action":"shot_data_update","data":{"timeInShot":1346,"pressure":6.862998,"pumpFlow":0,"weightFlow":5.605194e-45,"temperature":0,"shotWeight":0,"waterPumped":0,"targetTemperature":-1,"targetPumpFlow":8,"targetPressure":6.9}}
{"action":"sensor_data_update","data":{"brewActive":true,"steamActive":false,"scalesPresent":true,"temperature":0,"waterLvl":0,"pressure":6.850271,"pumpFlow":0,"weightFlow":5.605194e-45,"weight":0}}
{"action":"shot_data_update","data":{"timeInShot":1446,"pressure":6.850271,"pumpFlow":0,"weightFlow":5.605194e-45,"temperature":0,"shotWeight":0,"waterPumped":0,"targetTemperature":-1,"targetPumpFlow":8,"targetPressure":6.9}}
[shot] already active
{"action":"sensor_data_update","data":{"brewActive":true,"steamActive":false,"scalesPresent":true,"temperature":0,"waterLvl":0,"pressure":6.855724,"pumpFlow":0,"weightFlow":5.605194e-45,"weight":0}}
{"action":"shot_data_update","data":{"timeInShot":1546,"pressure":6.855724,"pumpFlow":0,"weightFlow":5.605194e-45,"temperature":0,"shotWeight":0,"waterPumped":0,"targetTemperature":-1,"targetPumpFlow":8,"targetPressure":6.9}}
{"action":"sensor_data_update","data":{"brewActive":true,"steamActive":false,"scalesPresent":true,"temperature":0,"waterLvl":0,"pressure":6.85136,"pumpFlow":0,"weightFlow":5.605194e-45,"weight":0}}
{"action":"shot_data_update","data":{"timeInShot":1646,"pressure":6.85136,"pumpFlow":0,"weightFlow":5.605194e-45,"temperature":0,"shotWeight":0,"waterPumped":0,"targetTemperature":-1,"targetPumpFlow":8,"targetPressure":6.9}}
{"action":"sensor_data_update","data":{"brewActive":true,"steamActive":false,"scalesPresent":true,"temperature":0,"waterLvl":0,"pressure":6.849177,"pumpFlow":0,"weightFlow":5.605194e-45,"weight":0}}
{"action":"shot_data_update","data":{"timeInShot":1746,"pressure":6.849177,"pumpFlow":0,"weightFlow":5.605194e-45,"temperature":0,"shotWeight":0,"waterPumped":0,"targetTemperature":-1,"targetPumpFlow":8,"targetPressure":6.9}}
{"action":"sensor_data_update","data":{"brewActive":true,"steamActive":false,"scalesPresent":true,"temperature":0,"waterLvl":0,"pressure":6.836451,"pumpFlow":0,"weightFlow":5.605194e-45,"weight":0}}
{"action":"shot_data_update","data":{"timeInShot":1846,"pressure":6.836451,"pumpFlow":0,"weightFlow":5.605194e-45,"temperature":0,"shotWeight":0,"waterPumped":0,"targetTemperature":-1,"targetPumpFlow":8,"targetPressure":6.9}}
{"action":"sensor_data_update","data":{"brewActive":true,"steamActive":false,"scalesPresent":true,"temperature":0,"waterLvl":0,"pressure":6.821543,"pumpFlow":0,"weightFlow":5.605194e-45,"weight":0}}
{"action":"shot_data_update","data":{"timeInShot":1946,"pressure":6.821543,"pumpFlow":0,"weightFlow":5.605194e-45,"temperature":0,"shotWeight":0,"waterPumped":0,"targetTemperature":-1,"targetPumpFlow":8,"targetPressure":6.9}}
{"action":"sensor_data_update","data":{"brewActive":true,"steamActive":false,"scalesPresent":true,"temperature":0,"waterLvl":0,"pressure":6.842633,"pumpFlow":0,"weightFlow":5.605194e-45,"weight":0}}
{"action":"shot_data_update","data":{"timeInShot":2046,"pressure":6.842633,"pumpFlow":0,"weightFlow":5.605194e-45,"temperature":0,"shotWeight":0,"waterPumped":0,"targetTemperature":-1,"targetPumpFlow":8,"targetPressure":6.9}}
{"action":"sensor_data_update","data":{"brewActive":true,"steamActive":false,"scalesPresent":true,"temperature":0,"waterLvl":0,"pressure":6.831725,"pumpFlow":0,"weightFlow":5.605194e-45,"weight":0}}
{"action":"shot_data_update","data":{"timeInShot":2146,"pressure":6.831725,"pumpFlow":0,"weightFlow":5.605194e-45,"temperature":0,"shotWeight":0,"waterPumped":0,"targetTemperature":-1,"targetPumpFlow":8,"targetPressure":6.9}}
{"action":"sensor_data_update","data":{"brewActive":true,"steamActive":false,"scalesPresent":true,"temperature":0,"waterLvl":0,"pressure":6.802636,"pumpFlow":0,"weightFlow":5.605194e-45,"weight":0}}
{"action":"shot_data_update","data":{"timeInShot":2246,"pressure":6.802636,"pumpFlow":0,"weightFlow":5.605194e-45,"temperature":0,"shotWeight":0,"waterPumped":0,"targetTemperature":-1,"targetPumpFlow":8,"targetPressure":6.9}}
{"action":"sensor_data_update","data":{"brewActive":true,"steamActive":false,"scalesPresent":true,"temperature":0,"waterLvl":0,"pressure":6.808452,"pumpFlow":0,"weightFlow":5.605194e-45,"weight":0}}
{"action":"shot_data_update","data":{"timeInShot":2346,"pressure":6.808452,"pumpFlow":0,"weightFlow":5.605194e-45,"temperature":0,"shotWeight":0,"waterPumped":0,"targetTemperature":-1,"targetPumpFlow":8,"targetPressure":7}}
{"action":"sensor_data_update","data":{"brewActive":true,"steamActive":false,"scalesPresent":true,"temperature":0,"waterLvl":0,"pressure":6.790998,"pumpFlow":0,"weightFlow":5.605194e-45,"weight":0}}
{"action":"shot_data_update","data":{"timeInShot":2446,"pressure":6.790998,"pumpFlow":0,"weightFlow":5.605194e-45,"temperature":0,"shotWeight":0,"waterPumped":0,"targetTemperature":-1,"targetPumpFlow":8,"targetPressure":7}}
{"action":"sensor_data_update","data":{"brewActive":true,"steamActive":false,"scalesPresent":true,"temperature":0,"waterLvl":0,"pressure":6.822997,"pumpFlow":0,"weightFlow":5.605194e-45,"weight":0}}
{"action":"shot_data_update","data":{"timeInShot":2546,"pressure":6.822997,"pumpFlow":0,"weightFlow":5.605194e-45,"temperature":0,"shotWeight":0,"waterPumped":0,"targetTemperature":-1,"targetPumpFlow":8,"targetPressure":7}}
{"action":"sensor_data_update","data":{"brewActive":true,"steamActive":false,"scalesPresent":true,"temperature":0,"waterLvl":0,"pressure":6.806997,"pumpFlow":0,"weightFlow":5.605194e-45,"weight":0}}
{"action":"shot_data_update","data":{"timeInShot":2646,"pressure":6.806997,"pumpFlow":0,"weightFlow":5.605194e-45,"temperature":0,"shotWeight":0,"waterPumped":0,"targetTemperature":-1,"targetPumpFlow":8,"targetPressure":7}}
{"action":"sensor_data_update","data":{"brewActive":true,"steamActive":false,"scalesPresent":true,"temperature":0,"waterLvl":0,"pressure":6.794271,"pumpFlow":0,"weightFlow":5.605194e-45,"weight":0}}
{"action":"shot_data_update","data":{"timeInShot":2746,"pressure":6.794271,"pumpFlow":0,"weightFlow":5.605194e-45,"temperature":0,"shotWeight":0,"waterPumped":0,"targetTemperature":-1,"targetPumpFlow":8,"targetPressure":7}}
{"action":"sensor_data_update","data":{"brewActive":true,"steamActive":false,"scalesPresent":true,"temperature":0,"waterLvl":0,"pressure":6.79318,"pumpFlow":0,"weightFlow":5.605194e-45,"weight":0}}
{"action":"shot_data_update","data":{"timeInShot":2846,"pressure":6.79318,"pumpFlow":0,"weightFlow":5.605194e-45,"temperature":0,"shotWeight":0,"waterPumped":0,"targetTemperature":-1,"targetPumpFlow":8,"targetPressure":7}}
{"action":"sensor_data_update","data":{"brewActive":true,"steamActive":false,"scalesPresent":true,"temperature":0,"waterLvl":0,"pressure":6.786633,"pumpFlow":0,"weightFlow":5.605194e-45,"weight":0}}
{"action":"shot_data_update","data":{"timeInShot":2946,"pressure":6.786633,"pumpFlow":0,"weightFlow":5.605194e-45,"temperature":0,"shotWeight":0,"waterPumped":0,"targetTemperature":-1,"targetPumpFlow":8,"targetPressure":7}}
{"action":"sensor_data_update","data":{"brewActive":true,"steamActive":false,"scalesPresent":true,"temperature":0,"waterLvl":0,"pressure":6.80627,"pumpFlow":0,"weightFlow":5.605194e-45,"weight":0}}
{"action":"shot_data_update","data":{"timeInShot":3046,"pressure":6.80627,"pumpFlow":0,"weightFlow":5.605194e-45,"temperature":0,"shotWeight":0,"waterPumped":0,"targetTemperature":-1,"targetPumpFlow":8,"targetPressure":7}}
{"action":"sensor_data_update","data":{"brewActive":true,"steamActive":false,"scalesPresent":true,"temperature":0,"waterLvl":0,"pressure":6.768454,"pumpFlow":0,"weightFlow":5.605194e-45,"weight":0}}
{"action":"shot_data_update","data":{"timeInShot":3146,"pressure":6.768454,"pumpFlow":0,"weightFlow":5.605194e-45,"temperature":0,"shotWeight":0,"waterPumped":0,"targetTemperature":-1,"targetPumpFlow":8,"targetPressure":7}}
{"action":"sensor_data_update","data":{"brewActive":true,"steamActive":false,"scalesPresent":true,"temperature":0,"waterLvl":0,"pressure":6.761908,"pumpFlow":0,"weightFlow":5.605194e-45,"weight":0}}
{"action":"shot_data_update","data":{"timeInShot":3246,"pressure":6.761908,"pumpFlow":0,"weightFlow":5.605194e-45,"temperature":0,"shotWeight":0,"waterPumped":0,"targetTemperature":-1,"targetPumpFlow":8,"targetPressure":7}}
{"action":"sensor_data_update","data":{"brewActive":true,"steamActive":false,"scalesPresent":true,"temperature":0,"waterLvl":0,"pressure":6.756817,"pumpFlow":0,"weightFlow":5.605194e-45,"weight":0}}
{"action":"shot_data_update","data":{"timeInShot":3346,"pressure":6.756817,"pumpFlow":0,"weightFlow":5.605194e-45,"temperature":0,"shotWeight":0,"waterPumped":0,"targetTemperature":-1,"targetPumpFlow":8,"targetPressure":7}}
{"action":"sensor_data_update","data":{"brewActive":true,"steamActive":false,"scalesPresent":true,"temperature":0,"waterLvl":0,"pressure":6.729908,"pumpFlow":0,"weightFlow":5.605194e-45,"weight":0}}
{"action":"shot_data_update","data":{"timeInShot":3446,"pressure":6.729908,"pumpFlow":0,"weightFlow":5.605194e-45,"temperature":0,"shotWeight":0,"waterPumped":0,"targetTemperature":-1,"targetPumpFlow":8,"targetPressure":7}}
{"action":"sensor_data_update","data":{"brewActive":true,"steamActive":false,"scalesPresent":true,"temperature":0,"waterLvl":0,"pressure":6.744452,"pumpFlow":0,"weightFlow":5.605194e-45,"weight":0}}
{"action":"shot_data_update","data":{"timeInShot":3546,"pressure":6.744452,"pumpFlow":0,"weightFlow":5.605194e-45,"temperature":0,"shotWeight":0,"waterPumped":0,"targetTemperature":-1,"targetPumpFlow":8,"targetPressure":7}}
{"action":"sensor_data_update","data":{"brewActive":true,"steamActive":false,"scalesPresent":true,"temperature":0,"waterLvl":0,"pressure":6.764089,"pumpFlow":0,"weightFlow":5.605194e-45,"weight":0}}
{"action":"shot_data_update","data":{"timeInShot":3646,"pressure":6.764089,"pumpFlow":0,"weightFlow":5.605194e-45,"temperature":0,"shotWeight":0,"waterPumped":0,"targetTemperature":-1,"targetPumpFlow":8,"targetPressure":7}}
{"action":"sensor_data_update","data":{"brewActive":true,"steamActive":false,"scalesPresent":true,"temperature":0,"waterLvl":0,"pressure":6.73282,"pumpFlow":0,"weightFlow":5.605194e-45,"weight":0}}
{"action":"shot_data_update","data":{"timeInShot":3746,"pressure":6.73282,"pumpFlow":0,"weightFlow":5.605194e-45,"temperature":0,"shotWeight":0,"waterPumped":0,"targetTemperature":-1,"targetPumpFlow":8,"targetPressure":7}}
{"action":"sensor_data_update","data":{"brewActive":true,"steamActive":false,"scalesPresent":true,"temperature":0,"waterLvl":0,"pressure":6.728091,"pumpFlow":0,"weightFlow":5.605194e-45,"weight":0}}
{"action":"shot_data_update","data":{"timeInShot":3846,"pressure":6.728091,"pumpFlow":0,"weightFlow":5.605194e-45,"temperature":0,"shotWeight":0,"waterPumped":0,"targetTemperature":-1,"targetPumpFlow":8,"targetPressure":7}}
{"action":"sensor_data_update","data":{"brewActive":true,"steamActive":false,"scalesPresent":true,"temperature":0,"waterLvl":0,"pressure":6.721182,"pumpFlow":0,"weightFlow":5.605194e-45,"weight":0}}
{"action":"shot_data_update","data":{"timeInShot":3946,"pressure":6.721182,"pumpFlow":0,"weightFlow":5.605194e-45,"temperature":0,"shotWeight":0,"waterPumped":0,"targetTemperature":-1,"targetPumpFlow":8,"targetPressure":7}}
{"action":"sensor_data_update","data":{"brewActive":true,"steamActive":false,"scalesPresent":true,"temperature":0,"waterLvl":0,"pressure":6.731362,"pumpFlow":0,"weightFlow":5.605194e-45,"weight":0}}
{"action":"shot_data_update","data":{"timeInShot":4046,"pressure":6.731362,"pumpFlow":0,"weightFlow":5.605194e-45,"temperature":0,"shotWeight":0,"waterPumped":0,"targetTemperature":-1,"targetPumpFlow":8,"targetPressure":7}}
{"action":"sensor_data_update","data":{"brewActive":true,"steamActive":false,"scalesPresent":true,"temperature":0,"waterLvl":0,"pressure":6.715365,"pumpFlow":0,"weightFlow":5.605194e-45,"weight":0}}
{"action":"shot_data_update","data":{"timeInShot":4146,"pressure":6.715365,"pumpFlow":0,"weightFlow":5.605194e-45,"temperature":0,"shotWeight":0,"waterPumped":0,"targetTemperature":-1,"targetPumpFlow":8,"targetPressure":7}}
{"action":"sensor_data_update","data":{"brewActive":true,"steamActive":false,"scalesPresent":true,"temperature":0,"waterLvl":0,"pressure":6.712092,"pumpFlow":0,"weightFlow":5.605194e-45,"weight":0}}
{"action":"shot_data_update","data":{"timeInShot":4246,"pressure":6.712092,"pumpFlow":0,"weightFlow":5.605194e-45,"temperature":0,"shotWeight":0,"waterPumped":0,"targetTemperature":-1,"targetPumpFlow":8,"targetPressure":7}}
{"action":"sensor_data_update","data":{"brewActive":true,"steamActive":false,"scalesPresent":true,"temperature":0,"waterLvl":0,"pressure":6.702275,"pumpFlow":0,"weightFlow":5.605194e-45,"weight":0}}
{"action":"shot_data_update","data":{"timeInShot":4346,"pressure":6.702275,"pumpFlow":0,"weightFlow":5.605194e-45,"temperature":0,"shotWeight":0,"waterPumped":0,"targetTemperature":-1,"targetPumpFlow":8,"targetPressure":7}}
{"action":"sensor_data_update","data":{"brewActive":true,"steamActive":false,"scalesPresent":true,"temperature":0,"waterLvl":0,"pressure":6.702275,"pumpFlow":0,"weightFlow":5.605194e-45,"weight":0}}
{"action":"shot_data_update","data":{"timeInShot":4446,"pressure":6.702275,"pumpFlow":0,"weightFlow":5.605194e-45,"temperature":0,"shotWeight":0,"waterPumped":0,"targetTemperature":-1,"targetPumpFlow":8,"targetPressure":7}}
{"action":"sensor_data_update","data":{"brewActive":true,"steamActive":false,"scalesPresent":true,"temperature":0,"waterLvl":0,"pressure":6.665913,"pumpFlow":0,"weightFlow":5.605194e-45,"weight":0}}
{"action":"shot_data_update","data":{"timeInShot":4546,"pressure":6.665913,"pumpFlow":0,"weightFlow":5.605194e-45,"temperature":0,"shotWeight":0,"waterPumped":0,"targetTemperature":-1,"targetPumpFlow":8,"targetPressure":7}}
{"action":"sensor_data_update","data":{"brewActive":true,"steamActive":false,"scalesPresent":true,"temperature":0,"waterLvl":0,"pressure":6.696455,"pumpFlow":0,"weightFlow":5.605194e-45,"weight":0}}
{"action":"shot_data_update","data":{"timeInShot":4646,"pressure":6.696455,"pumpFlow":0,"weightFlow":5.605194e-45,"temperature":0,"shotWeight":0,"waterPumped":0,"targetTemperature":-1,"targetPumpFlow":8,"targetPressure":7}}
{"action":"sensor_data_update","data":{"brewActive":true,"steamActive":false,"scalesPresent":true,"temperature":0,"waterLvl":0,"pressure":6.687729,"pumpFlow":0,"weightFlow":5.605194e-45,"weight":0}}
{"action":"shot_data_update","data":{"timeInShot":4746,"pressure":6.687729,"pumpFlow":0,"weightFlow":5.605194e-45,"temperature":0,"shotWeight":0,"waterPumped":0,"targetTemperature":-1,"targetPumpFlow":8,"targetPressure":7}}
{"action":"sensor_data_update","data":{"brewActive":true,"steamActive":false,"scalesPresent":true,"temperature":0,"waterLvl":0,"pressure":6.681912,"pumpFlow":0,"weightFlow":5.605194e-45,"weight":0}}
{"action":"shot_data_update","data":{"timeInShot":4846,"pressure":6.681912,"pumpFlow":0,"weightFlow":5.605194e-45,"temperature":0,"shotWeight":0,"waterPumped":0,"targetTemperature":-1,"targetPumpFlow":8,"targetPressure":7}}
{"action":"sensor_data_update","data":{"brewActive":true,"steamActive":false,"scalesPresent":true,"temperature":0,"waterLvl":0,"pressure":6.643003,"pumpFlow":0,"weightFlow":5.605194e-45,"weight":0}}
{"action":"shot_data_update","data":{"timeInShot":4946,"pressure":6.643003,"pumpFlow":0,"weightFlow":5.605194e-45,"temperature":0,"shotWeight":0,"waterPumped":0,"targetTemperature":-1,"targetPumpFlow":8,"targetPressure":7}}
{"action":"sensor_data_update","data":{"brewActive":true,"steamActive":false,"scalesPresent":true,"temperature":0,"waterLvl":0,"pressure":6.632458,"pumpFlow":0,"weightFlow":5.605194e-45,"weight":0}}
{"action":"shot_data_update","data":{"timeInShot":5046,"pressure":6.632458,"pumpFlow":0,"weightFlow":5.605194e-45,"temperature":0,"shotWeight":0,"waterPumped":0,"targetTemperature":-1,"targetPumpFlow":8,"targetPressure":7}}
{"action":"sensor_data_update","data":{"brewActive":true,"steamActive":false,"scalesPresent":true,"temperature":0,"waterLvl":0,"pressure":6.635731,"pumpFlow":0,"weightFlow":5.605194e-45,"weight":0}}
{"action":"shot_data_update","data":{"timeInShot":5146,"pressure":6.635731,"pumpFlow":0,"weightFlow":5.605194e-45,"temperature":0,"shotWeight":0,"waterPumped":0,"targetTemperature":-1,"targetPumpFlow":8,"targetPressure":7}}
{"action":"sensor_data_update","data":{"brewActive":true,"steamActive":false,"scalesPresent":true,"temperature":0,"waterLvl":0,"pressure":6.633912,"pumpFlow":0,"weightFlow":5.605194e-45,"weight":0}}
{"action":"shot_data_update","data":{"timeInShot":5246,"pressure":6.633912,"pumpFlow":0,"weightFlow":5.605194e-45,"temperature":0,"shotWeight":0,"waterPumped":0,"targetTemperature":-1,"targetPumpFlow":8,"targetPressure":7}}
{"action":"sensor_data_update","data":{"brewActive":true,"steamActive":false,"scalesPresent":true,"temperature":0,"waterLvl":0,"pressure":6.633184,"pumpFlow":0,"weightFlow":5.605194e-45,"weight":0}}
{"action":"shot_data_update","data":{"timeInShot":5346,"pressure":6.633184,"pumpFlow":0,"weightFlow":5.605194e-45,"temperature":0,"shotWeight":0,"waterPumped":0,"targetTemperature":-1,"targetPumpFlow":8,"targetPressure":7}}
{"action":"sensor_data_update","data":{"brewActive":true,"steamActive":false,"scalesPresent":true,"temperature":0,"waterLvl":0,"pressure":6.63064,"pumpFlow":0,"weightFlow":5.605194e-45,"weight":0}}
{"action":"shot_data_update","data":{"timeInShot":5446,"pressure":6.63064,"pumpFlow":0,"weightFlow":5.605194e-45,"temperature":0,"shotWeight":0,"waterPumped":0,"targetTemperature":-1,"targetPumpFlow":8,"targetPressure":7}}
{"action":"sensor_data_update","data":{"brewActive":true,"steamActive":false,"scalesPresent":true,"temperature":0,"waterLvl":0,"pressure":6.621549,"pumpFlow":0,"weightFlow":5.605194e-45,"weight":0}}
{"action":"shot_data_update","data":{"timeInShot":5546,"pressure":6.621549,"pumpFlow":0,"weightFlow":5.605194e-45,"temperature":0,"shotWeight":0,"waterPumped":0,"targetTemperature":-1,"targetPumpFlow":8,"targetPressure":7}}
{"action":"sensor_data_update","data":{"brewActive":true,"steamActive":false,"scalesPresent":true,"temperature":0,"waterLvl":0,"pressure":6.596459,"pumpFlow":0,"weightFlow":5.605194e-45,"weight":0}}
{"action":"shot_data_update","data":{"timeInShot":5646,"pressure":6.596459,"pumpFlow":0,"weightFlow":5.605194e-45,"temperature":0,"shotWeight":0,"waterPumped":0,"targetTemperature":-1,"targetPumpFlow":8,"targetPressure":7}}
{"action":"sensor_data_update","data":{"brewActive":true,"steamActive":false,"scalesPresent":true,"temperature":0,"waterLvl":0,"pressure":6.590277,"pumpFlow":0,"weightFlow":5.605194e-45,"weight":0}}
{"action":"shot_data_update","data":{"timeInShot":5746,"pressure":6.590277,"pumpFlow":0,"weightFlow":5.605194e-45,"temperature":0,"shotWeight":0,"waterPumped":0,"targetTemperature":-1,"targetPumpFlow":8,"targetPressure":7}}
{"action":"sensor_data_update","data":{"brewActive":true,"steamActive":false,"scalesPresent":true,"temperature":0,"waterLvl":0,"pressure":6.606275,"pumpFlow":0,"weightFlow":5.605194e-45,"weight":0}}
{"action":"shot_data_update","data":{"timeInShot":5846,"pressure":6.606275,"pumpFlow":0,"weightFlow":5.605194e-45,"temperature":0,"shotWeight":0,"waterPumped":0,"targetTemperature":-1,"targetPumpFlow":8,"targetPressure":7}}
{"action":"sensor_data_update","data":{"brewActive":true,"steamActive":false,"scalesPresent":true,"temperature":0,"waterLvl":0,"pressure":6.604821,"pumpFlow":0,"weightFlow":5.605194e-45,"weight":0}}
{"action":"shot_data_update","data":{"timeInShot":5946,"pressure":6.604821,"pumpFlow":0,"weightFlow":5.605194e-45,"temperature":0,"shotWeight":0,"waterPumped":0,"targetTemperature":-1,"targetPumpFlow":8,"targetPressure":7}}
{"action":"sensor_data_update","data":{"brewActive":true,"steamActive":false,"scalesPresent":true,"temperature":0,"waterLvl":0,"pressure":6.580094,"pumpFlow":0,"weightFlow":5.605194e-45,"weight":0}}
{"action":"shot_data_update","data":{"timeInShot":6046,"pressure":6.580094,"pumpFlow":0,"weightFlow":5.605194e-45,"temperature":0,"shotWeight":0,"waterPumped":0,"targetTemperature":-1,"targetPumpFlow":8,"targetPressure":7}}
{"action":"sensor_data_update","data":{"brewActive":true,"steamActive":false,"scalesPresent":true,"temperature":0,"waterLvl":0,"pressure":6.571368,"pumpFlow":0,"weightFlow":5.605194e-45,"weight":0}}
{"action":"shot_data_update","data":{"timeInShot":6146,"pressure":6.571368,"pumpFlow":0,"weightFlow":5.605194e-45,"temperature":0,"shotWeight":0,"waterPumped":0,"targetTemperature":-1,"targetPumpFlow":8,"targetPressure":7}}
{"action":"sensor_data_update","data":{"brewActive":true,"steamActive":false,"scalesPresent":true,"temperature":0,"waterLvl":0,"pressure":6.568095,"pumpFlow":0,"weightFlow":5.605194e-45,"weight":0}}
{"action":"shot_data_update","data":{"timeInShot":6246,"pressure":6.568095,"pumpFlow":0,"weightFlow":5.605194e-45,"temperature":0,"shotWeight":0,"waterPumped":0,"targetTemperature":-1,"targetPumpFlow":8,"targetPressure":7}}
{"action":"sensor_data_update","data":{"brewActive":true,"steamActive":false,"scalesPresent":true,"temperature":0,"waterLvl":0,"pressure":6.563004,"pumpFlow":0,"weightFlow":5.605194e-45,"weight":0}}
{"action":"shot_data_update","data":{"timeInShot":6346,"pressure":6.563004,"pumpFlow":0,"weightFlow":5.605194e-45,"temperature":0,"shotWeight":0,"waterPumped":0,"targetTemperature":-1,"targetPumpFlow":8,"targetPressure":7}}
{"action":"sensor_data_update","data":{"brewActive":true,"steamActive":false,"scalesPresent":true,"temperature":0,"waterLvl":0,"pressure":6.569913,"pumpFlow":0,"weightFlow":5.605194e-45,"weight":0}}
{"action":"shot_data_update","data":{"timeInShot":6446,"pressure":6.569913,"pumpFlow":0,"weightFlow":5.605194e-45,"temperature":0,"shotWeight":0,"waterPumped":0,"targetTemperature":-1,"targetPumpFlow":8,"targetPressure":7}}
{"action":"sensor_data_update","data":{"brewActive":true,"steamActive":false,"scalesPresent":true,"temperature":0,"waterLvl":0,"pressure":6.559732,"pumpFlow":0,"weightFlow":5.605194e-45,"weight":0}}
{"action":"shot_data_update","data":{"timeInShot":6546,"pressure":6.559732,"pumpFlow":0,"weightFlow":5.605194e-45,"temperature":0,"shotWeight":0,"waterPumped":0,"targetTemperature":-1,"targetPumpFlow":8,"targetPressure":7}}
{"action":"sensor_data_update","data":{"brewActive":true,"steamActive":false,"scalesPresent":true,"temperature":0,"waterLvl":0,"pressure":6.569913,"pumpFlow":0,"weightFlow":5.605194e-45,"weight":0}}
{"action":"shot_data_update","data":{"timeInShot":6646,"pressure":6.569913,"pumpFlow":0,"weightFlow":5.605194e-45,"temperature":0,"shotWeight":0,"waterPumped":0,"targetTemperature":-1,"targetPumpFlow":8,"targetPressure":7}}
{"action":"sensor_data_update","data":{"brewActive":true,"steamActive":false,"scalesPresent":true,"temperature":0,"waterLvl":0,"pressure":6.544824,"pumpFlow":0,"weightFlow":5.605194e-45,"weight":0}}
{"action":"shot_data_update","data":{"timeInShot":6746,"pressure":6.544824,"pumpFlow":0,"weightFlow":5.605194e-45,"temperature":0,"shotWeight":0,"waterPumped":0,"targetTemperature":-1,"targetPumpFlow":8,"targetPressure":7}}
{"action":"sensor_data_update","data":{"brewActive":true,"steamActive":false,"scalesPresent":true,"temperature":0,"waterLvl":0,"pressure":6.54664,"pumpFlow":0,"weightFlow":5.605194e-45,"weight":0}}
{"action":"shot_data_update","data":{"timeInShot":6846,"pressure":6.54664,"pumpFlow":0,"weightFlow":5.605194e-45,"temperature":0,"shotWeight":0,"waterPumped":0,"targetTemperature":-1,"targetPumpFlow":8,"targetPressure":7}}
{"action":"sensor_data_update","data":{"brewActive":true,"steamActive":false,"scalesPresent":true,"temperature":0,"waterLvl":0,"pressure":6.539005,"pumpFlow":0,"weightFlow":5.605194e-45,"weight":0}}
{"action":"shot_data_update","data":{"timeInShot":6946,"pressure":6.539005,"pumpFlow":0,"weightFlow":5.605194e-45,"temperature":0,"shotWeight":0,"waterPumped":0,"targetTemperature":-1,"targetPumpFlow":8,"targetPressure":7}}
{"action":"sensor_data_update","data":{"brewActive":true,"steamActive":false,"scalesPresent":true,"temperature":0,"waterLvl":0,"pressure":6.54664,"pumpFlow":0,"weightFlow":5.605194e-45,"weight":0}}
{"action":"shot_data_update","data":{"timeInShot":7046,"pressure":6.54664,"pumpFlow":0,"weightFlow":5.605194e-45,"temperature":0,"shotWeight":0,"waterPumped":0,"targetTemperature":-1,"targetPumpFlow":8,"targetPressure":7}}
{"action":"sensor_data_update","data":{"brewActive":true,"steamActive":false,"scalesPresent":true,"temperature":0,"waterLvl":0,"pressure":6.542277,"pumpFlow":0,"weightFlow":5.605194e-45,"weight":0}}
{"action":"shot_data_update","data":{"timeInShot":7146,"pressure":6.542277,"pumpFlow":0,"weightFlow":5.605194e-45,"temperature":0,"shotWeight":0,"waterPumped":0,"targetTemperature":-1,"targetPumpFlow":8,"targetPressure":7}}
{"action":"sensor_data_update","data":{"brewActive":true,"steamActive":false,"scalesPresent":true,"temperature":0,"waterLvl":0,"pressure":6.539005,"pumpFlow":0,"weightFlow":5.605194e-45,"weight":0}}
{"action":"shot_data_update","data":{"timeInShot":7246,"pressure":6.539005,"pumpFlow":0,"weightFlow":5.605194e-45,"temperature":0,"shotWeight":0,"waterPumped":0,"targetTemperature":-1,"targetPumpFlow":8,"targetPressure":7}}
{"action":"sensor_data_update","data":{"brewActive":true,"steamActive":false,"scalesPresent":true,"temperature":0,"waterLvl":0,"pressure":6.537914,"pumpFlow":0,"weightFlow":5.605194e-45,"weight":0}}
{"action":"shot_data_update","data":{"timeInShot":7346,"pressure":6.537914,"pumpFlow":0,"weightFlow":5.605194e-45,"temperature":0,"shotWeight":0,"waterPumped":0,"targetTemperature":-1,"targetPumpFlow":8,"targetPressure":7}}
{"action":"sensor_data_update","data":{"brewActive":true,"steamActive":false,"scalesPresent":true,"temperature":0,"waterLvl":0,"pressure":6.522642,"pumpFlow":0,"weightFlow":5.605194e-45,"weight":0}}
{"action":"shot_data_update","data":{"timeInShot":7446,"pressure":6.522642,"pumpFlow":0,"weightFlow":5.605194e-45,"temperature":0,"shotWeight":0,"waterPumped":0,"targetTemperature":-1,"targetPumpFlow":8,"targetPressure":7}}
{"action":"sensor_data_update","data":{"brewActive":true,"steamActive":false,"scalesPresent":true,"temperature":0,"waterLvl":0,"pressure":6.513916,"pumpFlow":0,"weightFlow":5.605194e-45,"weight":0}}
{"action":"shot_data_update","data":{"timeInShot":7546,"pressure":6.513916,"pumpFlow":0,"weightFlow":5.605194e-45,"temperature":0,"shotWeight":0,"waterPumped":0,"targetTemperature":-1,"targetPumpFlow":8,"targetPressure":7}}
{"action":"sensor_data_update","data":{"brewActive":true,"steamActive":false,"scalesPresent":true,"temperature":0,"waterLvl":0,"pressure":6.49428,"pumpFlow":0,"weightFlow":5.605194e-45,"weight":0}}
{"action":"shot_data_update","data":{"timeInShot":7646,"pressure":6.49428,"pumpFlow":0,"weightFlow":5.605194e-45,"temperature":0,"shotWeight":0,"waterPumped":0,"targetTemperature":-1,"targetPumpFlow":8,"targetPressure":7}}
{"action":"sensor_data_update","data":{"brewActive":true,"steamActive":false,"scalesPresent":true,"temperature":0,"waterLvl":0,"pressure":6.509188,"pumpFlow":0,"weightFlow":5.605194e-45,"weight":0}}
{"action":"shot_data_update","data":{"timeInShot":7746,"pressure":6.509188,"pumpFlow":0,"weightFlow":5.605194e-45,"temperature":0,"shotWeight":0,"waterPumped":0,"targetTemperature":-1,"targetPumpFlow":8,"targetPressure":7}}
{"action":"sensor_data_update","data":{"brewActive":true,"steamActive":false,"scalesPresent":true,"temperature":0,"waterLvl":0,"pressure":6.503006,"pumpFlow":0,"weightFlow":5.605194e-45,"weight":0}}
{"action":"shot_data_update","data":{"timeInShot":7846,"pressure":6.503006,"pumpFlow":0,"weightFlow":5.605194e-45,"temperature":0,"shotWeight":0,"waterPumped":0,"targetTemperature":-1,"targetPumpFlow":8,"targetPressure":7}}
{"action":"sensor_data_update","data":{"brewActive":true,"steamActive":false,"scalesPresent":true,"temperature":0,"waterLvl":0,"pressure":6.503734,"pumpFlow":0,"weightFlow":5.605194e-45,"weight":0}}
{"action":"shot_data_update","data":{"timeInShot":7946,"pressure":6.503734,"pumpFlow":0,"weightFlow":5.605194e-45,"temperature":0,"shotWeight":0,"waterPumped":0,"targetTemperature":-1,"targetPumpFlow":8,"targetPressure":7}}
{"action":"sensor_data_update","data":{"brewActive":true,"steamActive":false,"scalesPresent":true,"temperature":0,"waterLvl":0,"pressure":6.46519,"pumpFlow":0,"weightFlow":5.605194e-45,"weight":0}}
{"action":"shot_data_update","data":{"timeInShot":8046,"pressure":6.46519,"pumpFlow":0,"weightFlow":5.605194e-45,"temperature":0,"shotWeight":0,"waterPumped":0,"targetTemperature":-1,"targetPumpFlow":9,"targetPressure":7}}
{"action":"sensor_data_update","data":{"brewActive":true,"steamActive":false,"scalesPresent":true,"temperature":0,"waterLvl":0,"pressure":6.46119,"pumpFlow":0,"weightFlow":5.605194e-45,"weight":0}}
{"action":"shot_data_update","data":{"timeInShot":8146,"pressure":6.46119,"pumpFlow":0,"weightFlow":5.605194e-45,"temperature":0,"shotWeight":0,"waterPumped":0,"targetTemperature":-1,"targetPumpFlow":9,"targetPressure":7}}
{"action":"sensor_data_update","data":{"brewActive":true,"steamActive":false,"scalesPresent":true,"temperature":0,"waterLvl":0,"pressure":6.464463,"pumpFlow":0,"weightFlow":5.605194e-45,"weight":0}}
{"action":"shot_data_update","data":{"timeInShot":8246,"pressure":6.464463,"pumpFlow":0,"weightFlow":5.605194e-45,"temperature":0,"shotWeight":0,"waterPumped":0,"targetTemperature":-1,"targetPumpFlow":9,"targetPressure":7}}
{"action":"sensor_data_update","data":{"brewActive":true,"steamActive":false,"scalesPresent":true,"temperature":0,"waterLvl":0,"pressure":6.457917,"pumpFlow":0,"weightFlow":5.605194e-45,"weight":0}}
{"action":"shot_data_update","data":{"timeInShot":8346,"pressure":6.457917,"pumpFlow":0,"weightFlow":5.605194e-45,"temperature":0,"shotWeight":0,"waterPumped":0,"targetTemperature":-1,"targetPumpFlow":9,"targetPressure":7}}
{"action":"sensor_data_update","data":{"brewActive":true,"steamActive":false,"scalesPresent":true,"temperature":0,"waterLvl":0,"pressure":6.452827,"pumpFlow":0,"weightFlow":5.605194e-45,"weight":0}}
{"action":"shot_data_update","data":{"timeInShot":8446,"pressure":6.452827,"pumpFlow":0,"weightFlow":5.605194e-45,"temperature":0,"shotWeight":0,"waterPumped":0,"targetTemperature":-1,"targetPumpFlow":9,"targetPressure":7}}
{"action":"sensor_data_update","data":{"brewActive":true,"steamActive":false,"scalesPresent":true,"temperature":0,"waterLvl":0,"pressure":6.451009,"pumpFlow":0,"weightFlow":5.605194e-45,"weight":0}}
{"action":"shot_data_update","data":{"timeInShot":8546,"pressure":6.451009,"pumpFlow":0,"weightFlow":5.605194e-45,"temperature":0,"shotWeight":0,"waterPumped":0,"targetTemperature":-1,"targetPumpFlow":9,"targetPressure":7}}
{"action":"sensor_data_update","data":{"brewActive":true,"steamActive":false,"scalesPresent":true,"temperature":0,"waterLvl":0,"pressure":6.430284,"pumpFlow":0,"weightFlow":5.605194e-45,"weight":0}}
{"action":"shot_data_update","data":{"timeInShot":8646,"pressure":6.430284,"pumpFlow":0,"weightFlow":5.605194e-45,"temperature":0,"shotWeight":0,"waterPumped":0,"targetTemperature":-1,"targetPumpFlow":9,"targetPressure":7}}
{"action":"sensor_data_update","data":{"brewActive":true,"steamActive":false,"scalesPresent":true,"temperature":0,"waterLvl":0,"pressure":6.432828,"pumpFlow":0,"weightFlow":5.605194e-45,"weight":0}}
{"action":"shot_data_update","data":{"timeInShot":8746,"pressure":6.432828,"pumpFlow":0,"weightFlow":5.605194e-45,"temperature":0,"shotWeight":0,"waterPumped":0,"targetTemperature":-1,"targetPumpFlow":9,"targetPressure":7}}
{"action":"sensor_data_update","data":{"brewActive":true,"steamActive":false,"scalesPresent":true,"temperature":0,"waterLvl":0,"pressure":6.419737,"pumpFlow":0,"weightFlow":5.605194e-45,"weight":0}}
{"action":"shot_data_update","data":{"timeInShot":8846,"pressure":6.419737,"pumpFlow":0,"weightFlow":5.605194e-45,"temperature":0,"shotWeight":0,"waterPumped":0,"targetTemperature":-1,"targetPumpFlow":9,"targetPressure":7}}
{"action":"sensor_data_update","data":{"brewActive":true,"steamActive":false,"scalesPresent":true,"temperature":0,"waterLvl":0,"pressure":6.42301,"pumpFlow":0,"weightFlow":5.605194e-45,"weight":0}}
{"action":"shot_data_update","data":{"timeInShot":8946,"pressure":6.42301,"pumpFlow":0,"weightFlow":5.605194e-45,"temperature":0,"shotWeight":0,"waterPumped":0,"targetTemperature":-1,"targetPumpFlow":9,"targetPressure":7}}
{"action":"sensor_data_update","data":{"brewActive":true,"steamActive":false,"scalesPresent":true,"temperature":0,"waterLvl":0,"pressure":6.426282,"pumpFlow":0,"weightFlow":5.605194e-45,"weight":0}}
{"action":"shot_data_update","data":{"timeInShot":9046,"pressure":6.426282,"pumpFlow":0,"weightFlow":5.605194e-45,"temperature":0,"shotWeight":0,"waterPumped":0,"targetTemperature":-1,"targetPumpFlow":9,"targetPressure":7}}
{"action":"sensor_data_update","data":{"brewActive":true,"steamActive":false,"scalesPresent":true,"temperature":0,"waterLvl":0,"pressure":6.402284,"pumpFlow":0,"weightFlow":5.605194e-45,"weight":0}}
{"action":"shot_data_update","data":{"timeInShot":9146,"pressure":6.402284,"pumpFlow":0,"weightFlow":5.605194e-45,"temperature":0,"shotWeight":0,"waterPumped":0,"targetTemperature":-1,"targetPumpFlow":9,"targetPressure":7}}
{"action":"sensor_data_update","data":{"brewActive":true,"steamActive":false,"scalesPresent":true,"temperature":0,"waterLvl":0,"pressure":6.405919,"pumpFlow":0,"weightFlow":5.605194e-45,"weight":0}}
{"action":"shot_data_update","data":{"timeInShot":9246,"pressure":6.405919,"pumpFlow":0,"weightFlow":5.605194e-45,"temperature":0,"shotWeight":0,"waterPumped":0,"targetTemperature":-1,"targetPumpFlow":9,"targetPressure":7}}
{"action":"sensor_data_update","data":{"brewActive":true,"steamActive":false,"scalesPresent":true,"temperature":0,"waterLvl":0,"pressure":6.392102,"pumpFlow":0,"weightFlow":5.605194e-45,"weight":0}}
{"action":"shot_data_update","data":{"timeInShot":9346,"pressure":6.392102,"pumpFlow":0,"weightFlow":5.605194e-45,"temperature":0,"shotWeight":0,"waterPumped":0,"targetTemperature":-1,"targetPumpFlow":9,"targetPressure":7}}
{"action":"sensor_data_update","data":{"brewActive":true,"steamActive":false,"scalesPresent":true,"temperature":0,"waterLvl":0,"pressure":6.385556,"pumpFlow":0,"weightFlow":5.605194e-45,"weight":0}}
{"action":"shot_data_update","data":{"timeInShot":9446,"pressure":6.385556,"pumpFlow":0,"weightFlow":5.605194e-45,"temperature":0,"shotWeight":0,"waterPumped":0,"targetTemperature":-1,"targetPumpFlow":9,"targetPressure":7}}
{"action":"sensor_data_update","data":{"brewActive":true,"steamActive":false,"scalesPresent":true,"temperature":0,"waterLvl":0,"pressure":6.392828,"pumpFlow":0,"weightFlow":5.605194e-45,"weight":0}}
{"action":"shot_data_update","data":{"timeInShot":9546,"pressure":6.392828,"pumpFlow":0,"weightFlow":5.605194e-45,"temperature":0,"shotWeight":0,"waterPumped":0,"targetTemperature":-1,"targetPumpFlow":9,"targetPressure":7}}
